2025-02-08 23:05:09.130: [INFO] VisibilityChanged: 0
2025-02-08 23:05:09.162: [INFO] RecordSyncInitDurationhas_sync_been_enabled: 0 state: 0
2025-02-08 23:05:09.162: [INFO] RecordSyncInitDurationhas_sync_been_enabled: 0 state: 0
2025-02-08 23:05:09.162: [INFO] RecordSyncInitDurationhas_sync_been_enabled: 0 state: 0
2025-02-08 23:05:09.162: [INFO] RecordSyncInitDurationhas_sync_been_enabled: 0 state: 0
2025-02-08 23:05:09.162: [INFO] RecordSyncInitDurationhas_sync_been_enabled: 0 state: 0
2025-02-08 23:05:09.162: [INFO] RecordSyncInitDurationhas_sync_been_enabled: 0 state: 0
2025-02-08 23:05:09.162: [INFO] RecordSyncInitDurationhas_sync_been_enabled: 0 state: 0
2025-02-08 23:05:09.162: [INFO] RecordSyncInitDurationhas_sync_been_enabled: 0 state: 0
2025-02-08 23:05:09.162: [INFO] RecordSyncInitDurationhas_sync_been_enabled: 0 state: 0
2025-02-08 23:05:09.162: [INFO] RecordSyncInitDurationhas_sync_been_enabled: 0 state: 0
2025-02-08 23:05:09.163: [INFO] RecordSyncInitDurationhas_sync_been_enabled: 0 state: 0
2025-02-08 23:05:09.176: [INFO] BookmarkModelLoaded, ids_reassigned: 0
2025-02-08 23:05:09.176: [INFO] OnDoneLoading sync enabled: 0
2025-02-08 23:05:09.179: [INFO] RecordSyncInitDurationhas_sync_been_enabled: 0 state: 0
2025-02-08 23:05:09.219: [INFO] Primary account changed.
2025-02-08 23:05:09.219: [INFO] OnPrimaryAccountChangedPrimaryAccountChangeEvent::Type::kSet
2025-02-08 23:05:09.220: [INFO] RecordSyncInitDurationhas_sync_been_enabled: 0 state: 3
2025-02-08 23:05:09.220: [INFO] RecordSyncInitDurationhas_sync_been_enabled: 0 state: 3
2025-02-08 23:05:13.497: [INFO] VisibilityChanged: 1
2025-02-08 23:05:13.969: [INFO] BookmarkNodeAdded, ABU: 0
2025-02-08 23:05:13.969: [INFO] BookmarkNodeAdded, ABU: 0
2025-02-08 23:05:13.969: [INFO] BookmarkNodeAdded, ABU: 0
2025-02-08 23:05:13.969: [INFO] BookmarkNodeAdded, ABU: 0
2025-02-08 23:05:13.969: [INFO] BookmarkNodeAdded, ABU: 0
2025-02-08 23:05:13.969: [INFO] BookmarkNodeAdded, ABU: 0
2025-02-08 23:05:13.969: [INFO] BookmarkNodeAdded, ABU: 0
2025-02-08 23:05:13.969: [INFO] BookmarkNodeAdded, ABU: 0
2025-02-08 23:05:13.969: [INFO] BookmarkNodeAdded, ABU: 0
2025-02-08 23:05:13.969: [INFO] BookmarkNodeAdded, ABU: 0
2025-02-08 23:05:13.969: [INFO] BookmarkNodeAdded, ABU: 0
2025-02-08 23:05:13.970: [INFO] BookmarkNodeAdded, ABU: 0
2025-02-08 23:05:13.970: [INFO] BookmarkNodeAdded, ABU: 0
2025-02-08 23:05:13.970: [INFO] BookmarkNodeAdded, ABU: 0
2025-02-08 23:05:13.970: [INFO] BookmarkNodeAdded, ABU: 0
2025-02-08 23:05:13.970: [INFO] BookmarkNodeAdded, ABU: 0
2025-02-08 23:05:13.970: [INFO] BookmarkNodeAdded, ABU: 0
2025-02-08 23:05:13.970: [INFO] BookmarkNodeAdded, ABU: 0
2025-02-08 23:05:13.970: [INFO] BookmarkNodeAdded, ABU: 0
2025-02-08 23:05:13.970: [INFO] BookmarkNodeAdded, ABU: 0
2025-02-08 23:05:13.970: [INFO] BookmarkNodeAdded, ABU: 0
2025-02-08 23:05:13.970: [INFO] BookmarkNodeAdded, ABU: 0
2025-02-08 23:05:13.970: [INFO] BookmarkNodeAdded, ABU: 0
2025-02-08 23:05:13.970: [INFO] BookmarkNodeAdded, ABU: 0
2025-02-08 23:05:13.970: [INFO] BookmarkNodeAdded, ABU: 0
2025-02-08 23:05:13.970: [INFO] BookmarkNodeAdded, ABU: 0
2025-02-08 23:05:13.970: [INFO] BookmarkNodeAdded, ABU: 0
2025-02-08 23:05:13.970: [INFO] BookmarkNodeAdded, ABU: 0
2025-02-08 23:05:13.970: [INFO] BookmarkNodeAdded, ABU: 0
2025-02-08 23:05:13.970: [INFO] BookmarkNodeAdded, ABU: 0
2025-02-08 23:05:13.970: [INFO] BookmarkNodeAdded, ABU: 0
2025-02-08 23:05:13.970: [INFO] BookmarkNodeAdded, ABU: 0
2025-02-08 23:05:13.970: [INFO] BookmarkNodeAdded, ABU: 0
2025-02-08 23:05:13.970: [INFO] BookmarkNodeAdded, ABU: 0
2025-02-08 23:05:13.970: [INFO] BookmarkNodeAdded, ABU: 0
2025-02-08 23:05:13.970: [INFO] BookmarkNodeAdded, ABU: 0
2025-02-08 23:05:13.970: [INFO] BookmarkNodeAdded, ABU: 0
2025-02-08 23:05:13.970: [INFO] BookmarkNodeAdded, ABU: 0
2025-02-08 23:05:13.970: [INFO] BookmarkNodeAdded, ABU: 0
2025-02-08 23:05:13.970: [INFO] BookmarkNodeAdded, ABU: 0
2025-02-08 23:05:13.970: [INFO] BookmarkNodeAdded, ABU: 0
2025-02-08 23:05:13.970: [INFO] BookmarkNodeAdded, ABU: 0
2025-02-08 23:05:13.970: [INFO] BookmarkNodeAdded, ABU: 0
2025-02-08 23:05:13.970: [INFO] BookmarkNodeAdded, ABU: 0
2025-02-08 23:05:13.970: [INFO] BookmarkNodeAdded, ABU: 0
2025-02-08 23:05:13.970: [INFO] BookmarkNodeAdded, ABU: 0
2025-02-08 23:05:13.970: [INFO] BookmarkNodeAdded, ABU: 0
2025-02-08 23:05:13.970: [INFO] BookmarkNodeAdded, ABU: 0
2025-02-08 23:05:13.970: [INFO] BookmarkNodeAdded, ABU: 0
2025-02-08 23:05:13.970: [INFO] BookmarkNodeAdded, ABU: 0
2025-02-08 23:05:13.970: [INFO] BookmarkNodeAdded, ABU: 0
2025-02-08 23:05:13.971: [INFO] BookmarkNodeAdded, ABU: 0
2025-02-08 23:05:13.971: [INFO] BookmarkNodeAdded, ABU: 0
2025-02-08 23:05:13.971: [INFO] BookmarkNodeAdded, ABU: 0
2025-02-08 23:05:13.971: [INFO] BookmarkNodeAdded, ABU: 0
2025-02-08 23:05:13.971: [INFO] BookmarkNodeAdded, ABU: 0
2025-02-08 23:05:13.971: [INFO] BookmarkNodeAdded, ABU: 0
2025-02-08 23:05:13.971: [INFO] BookmarkNodeAdded, ABU: 0
2025-02-08 23:05:13.971: [INFO] BookmarkNodeAdded, ABU: 0
2025-02-08 23:05:13.971: [INFO] BookmarkNodeAdded, ABU: 0
2025-02-08 23:05:13.971: [INFO] BookmarkNodeAdded, ABU: 0
2025-02-08 23:05:13.971: [INFO] BookmarkNodeAdded, ABU: 0
2025-02-08 23:05:13.971: [INFO] BookmarkNodeAdded, ABU: 0
2025-02-08 23:05:13.971: [INFO] BookmarkNodeAdded, ABU: 0
2025-02-08 23:05:13.971: [INFO] BookmarkNodeAdded, ABU: 0
2025-02-08 23:05:13.971: [INFO] BookmarkNodeAdded, ABU: 0
2025-02-08 23:05:13.971: [INFO] BookmarkNodeAdded, ABU: 0
2025-02-08 23:05:13.971: [INFO] BookmarkNodeAdded, ABU: 0
2025-02-08 23:05:13.971: [INFO] BookmarkNodeAdded, ABU: 0
2025-02-08 23:05:13.971: [INFO] BookmarkNodeAdded, ABU: 0
2025-02-08 23:05:13.971: [INFO] BookmarkNodeAdded, ABU: 0
2025-02-08 23:05:13.971: [INFO] BookmarkNodeAdded, ABU: 0
2025-02-08 23:05:13.971: [INFO] BookmarkNodeAdded, ABU: 0
2025-02-08 23:05:13.971: [INFO] BookmarkNodeAdded, ABU: 0
2025-02-08 23:05:13.971: [INFO] BookmarkNodeAdded, ABU: 0
2025-02-08 23:05:13.971: [INFO] BookmarkNodeAdded, ABU: 0
2025-02-08 23:05:13.971: [INFO] BookmarkNodeAdded, ABU: 0
2025-02-08 23:05:18.918: [INFO] Sync initialization duration: 9562ms
2025-02-08 23:05:30.204: [INFO] VisibilityChanged: 0
2025-02-08 23:09:26.677: [INFO] VisibilityChanged: 0
2025-02-08 23:09:26.705: [INFO] RecordSyncInitDurationhas_sync_been_enabled: 0 state: 0
2025-02-08 23:09:26.705: [INFO] RecordSyncInitDurationhas_sync_been_enabled: 0 state: 0
2025-02-08 23:09:26.705: [INFO] RecordSyncInitDurationhas_sync_been_enabled: 0 state: 0
2025-02-08 23:09:26.705: [INFO] RecordSyncInitDurationhas_sync_been_enabled: 0 state: 0
2025-02-08 23:09:26.705: [INFO] RecordSyncInitDurationhas_sync_been_enabled: 0 state: 0
2025-02-08 23:09:26.705: [INFO] RecordSyncInitDurationhas_sync_been_enabled: 0 state: 0
2025-02-08 23:09:26.705: [INFO] RecordSyncInitDurationhas_sync_been_enabled: 0 state: 0
2025-02-08 23:09:26.705: [INFO] RecordSyncInitDurationhas_sync_been_enabled: 0 state: 0
2025-02-08 23:09:26.705: [INFO] RecordSyncInitDurationhas_sync_been_enabled: 0 state: 0
2025-02-08 23:09:26.705: [INFO] RecordSyncInitDurationhas_sync_been_enabled: 0 state: 0
2025-02-08 23:09:26.705: [INFO] RecordSyncInitDurationhas_sync_been_enabled: 0 state: 0
2025-02-08 23:09:26.716: [INFO] BookmarkModelLoaded, ids_reassigned: 0
2025-02-08 23:09:26.716: [INFO] OnDoneLoading sync enabled: 0
2025-02-08 23:09:26.717: [INFO] RecordSyncInitDurationhas_sync_been_enabled: 0 state: 0
2025-02-08 23:09:26.747: [INFO] Primary account changed.
2025-02-08 23:09:26.747: [INFO] OnPrimaryAccountChangedPrimaryAccountChangeEvent::Type::kSet
2025-02-08 23:09:26.748: [INFO] RecordSyncInitDurationhas_sync_been_enabled: 0 state: 3
2025-02-08 23:09:26.749: [INFO] RecordSyncInitDurationhas_sync_been_enabled: 0 state: 3
2025-02-08 23:09:26.820: [INFO] RecordSyncInitDurationhas_sync_been_enabled: 0 state: 3
2025-02-08 23:09:29.415: [INFO] VisibilityChanged: 1
2025-02-08 23:09:34.142: [INFO] Sync initialization duration: 7271ms
2025-02-08 23:09:58.573: [INFO] VisibilityChanged: 0
