{"logTime": "0208/230932", "correlationVector":"x3ojw+SPVuorHKlqYm+dSO.129","action":"GetUpdates", "result":"DeleteReceived", "context":{"id":"b90371d2-4419-40b2-91a8-1ae99d0dc307", "isDeleted:":"true", "version":"1735566726752"}}
{"logTime": "0208/230932", "correlationVector":"x3ojw+SPVuorHKlqYm+dSO.130","action":"GetUpdates", "result":"DeleteReceived", "context":{"id":"5a51e0a0-cb04-4e8c-8ecd-c268eb38a62b", "isDeleted:":"true", "version":"1735643845739"}}
{"logTime": "0208/230932", "correlationVector":"x3ojw+SPVuorHKlqYm+dSO.131","action":"GetUpdates", "result":"DeleteReceived", "context":{"id":"7a17d407-31fa-4946-ae98-74c533d49dd9", "isDeleted:":"true", "version":"1735644721095"}}
{"logTime": "0208/230932", "correlationVector":"x3ojw+SPVuorHKlqYm+dSO.132","action":"GetUpdates", "result":"DeleteReceived", "context":{"id":"4b137b65-d1c8-4e87-9872-9dbc425c695a", "isDeleted:":"true", "version":"1735650122677"}}
{"logTime": "0208/230932", "correlationVector":"x3ojw+SPVuorHKlqYm+dSO.133","action":"GetUpdates", "result":"DeleteReceived", "context":{"id":"eb784640-55ec-4594-aadb-ba17b1e5040b", "isDeleted:":"true", "version":"1735651921748"}}
{"logTime": "0208/230932", "correlationVector":"x3ojw+SPVuorHKlqYm+dSO.134","action":"GetUpdates", "result":"DeleteReceived", "context":{"id":"a81f2afa-1bf1-4c60-b052-3d285b24e935", "isDeleted:":"true", "version":"1735653721924"}}
{"logTime": "0208/230932", "correlationVector":"x3ojw+SPVuorHKlqYm+dSO.135","action":"GetUpdates", "result":"DeleteReceived", "context":{"id":"ef80062a-d710-445e-ae3f-985e85e90723", "isDeleted:":"true", "version":"1735666325086"}}
{"logTime": "0208/230932", "correlationVector":"x3ojw+SPVuorHKlqYm+dSO.136","action":"GetUpdates", "result":"DeleteReceived", "context":{"id":"730ad252-4692-4b23-8a6d-afea0c1f390e", "isDeleted:":"true", "version":"1735729841713"}}
{"logTime": "0208/230932", "correlationVector":"x3ojw+SPVuorHKlqYm+dSO.137","action":"GetUpdates", "result":"DeleteReceived", "context":{"id":"b0f08ef4-44fe-4fbd-bc7c-68e02972ad2b", "isDeleted:":"true", "version":"1735732629955"}}
{"logTime": "0208/230932", "correlationVector":"x3ojw+SPVuorHKlqYm+dSO.138","action":"GetUpdates", "result":"DeleteReceived", "context":{"id":"27bc3b62-cde0-4c2a-9312-b43a57e150c9", "isDeleted:":"true", "version":"1735744700038"}}
{"logTime": "0208/230932", "correlationVector":"x3ojw+SPVuorHKlqYm+dSO.139","action":"GetUpdates", "result":"DeleteReceived", "context":{"id":"72f41de6-a2b4-4f56-995a-c7df64f1fb4d", "isDeleted:":"true", "version":"1735745521019"}}
{"logTime": "0208/230932", "correlationVector":"x3ojw+SPVuorHKlqYm+dSO.140","action":"GetUpdates", "result":"DeleteReceived", "context":{"id":"c4e0b0e6-dc63-4cdb-b134-3cefeea69c60", "isDeleted:":"true", "version":"1735751415241"}}
{"logTime": "0208/230932", "correlationVector":"x3ojw+SPVuorHKlqYm+dSO.141","action":"GetUpdates", "result":"DeleteReceived", "context":{"id":"fe09dc3d-8a1d-4b5c-a41d-64768b37e4dc", "isDeleted:":"true", "version":"1735822922925"}}
{"logTime": "0208/230932", "correlationVector":"x3ojw+SPVuorHKlqYm+dSO.142","action":"GetUpdates", "result":"DeleteReceived", "context":{"id":"0c0b0c90-d8cb-4b6a-bbd7-931fbc2224c9", "isDeleted:":"true", "version":"1735822922928"}}
{"logTime": "0208/230932", "correlationVector":"x3ojw+SPVuorHKlqYm+dSO.143","action":"GetUpdates", "result":"DeleteReceived", "context":{"id":"d341045e-fc3d-4e5a-80bf-93c9fd15d08f", "isDeleted:":"true", "version":"1735824721639"}}
{"logTime": "0208/230932", "correlationVector":"x3ojw+SPVuorHKlqYm+dSO.144","action":"GetUpdates", "result":"DeleteReceived", "context":{"id":"1eaf38c4-76ac-4bee-84ec-dfc803605cf9", "isDeleted:":"true", "version":"1735825861802"}}
{"logTime": "0208/230932", "correlationVector":"x3ojw+SPVuorHKlqYm+dSO.145","action":"GetUpdates", "result":"DeleteReceived", "context":{"id":"e57559eb-c68f-4014-ae14-c3fd1682623c", "isDeleted:":"true", "version":"1735826521265"}}
{"logTime": "0208/230932", "correlationVector":"x3ojw+SPVuorHKlqYm+dSO.146","action":"GetUpdates", "result":"DeleteReceived", "context":{"id":"46f90a0c-e48b-4c1c-bc25-5fa12d55c2ab", "isDeleted:":"true", "version":"1735829222282"}}
{"logTime": "0208/230932", "correlationVector":"x3ojw+SPVuorHKlqYm+dSO.147","action":"GetUpdates", "result":"DeleteReceived", "context":{"id":"9422a92f-0df8-4250-bfa2-e76377eef76f", "isDeleted:":"true", "version":"1735830121422"}}
{"logTime": "0208/230932", "correlationVector":"x3ojw+SPVuorHKlqYm+dSO.148","action":"GetUpdates", "result":"DeleteReceived", "context":{"id":"41499a15-86c5-4a4f-a922-bdec528cffa0", "isDeleted:":"true", "version":"1735831021702"}}
{"logTime": "0208/230932", "correlationVector":"x3ojw+SPVuorHKlqYm+dSO.149","action":"GetUpdates", "result":"DeleteReceived", "context":{"id":"006a38ed-2489-41cd-80b2-4ad4b1f8ead7", "isDeleted:":"true", "version":"1735831921438"}}
{"logTime": "0208/230932", "correlationVector":"x3ojw+SPVuorHKlqYm+dSO.150","action":"GetUpdates", "result":"DeleteReceived", "context":{"id":"080d1e84-53c2-40c3-986a-b030068c5930", "isDeleted:":"true", "version":"1735839123679"}}
{"logTime": "0208/230932", "correlationVector":"x3ojw+SPVuorHKlqYm+dSO.151","action":"GetUpdates", "result":"DeleteReceived", "context":{"id":"ed883f33-2a66-4448-b867-4f187d3f916e", "isDeleted:":"true", "version":"1735908702382"}}
{"logTime": "0208/230932", "correlationVector":"x3ojw+SPVuorHKlqYm+dSO.152","action":"GetUpdates", "result":"DeleteReceived", "context":{"id":"745a1896-d6e7-4468-8677-5fba9821e23e", "isDeleted:":"true", "version":"1735908791297"}}
{"logTime": "0208/230932", "correlationVector":"x3ojw+SPVuorHKlqYm+dSO.153","action":"GetUpdates", "result":"DeleteReceived", "context":{"id":"600b783c-734f-4ce3-bdd4-aec805ba90a5", "isDeleted:":"true", "version":"1735908911338"}}
{"logTime": "0208/230932", "correlationVector":"x3ojw+SPVuorHKlqYm+dSO.154","action":"GetUpdates", "result":"DeleteReceived", "context":{"id":"e8c02b8c-a3d0-4cce-9a5d-81de4f5a2ca6", "isDeleted:":"true", "version":"1735918984921"}}
{"logTime": "0208/230932", "correlationVector":"x3ojw+SPVuorHKlqYm+dSO.155","action":"GetUpdates", "result":"DeleteReceived", "context":{"id":"9154953b-b053-4b81-a9ea-ab38a60a948d", "isDeleted:":"true", "version":"1735924864007"}}
{"logTime": "0208/230932", "correlationVector":"x3ojw+SPVuorHKlqYm+dSO.156","action":"GetUpdates", "result":"DeleteReceived", "context":{"id":"1b2497db-e3bf-4766-83c5-bc944bb3a721", "isDeleted:":"true", "version":"1735962177341"}}
{"logTime": "0208/230932", "correlationVector":"x3ojw+SPVuorHKlqYm+dSO.157","action":"GetUpdates", "result":"DeleteReceived", "context":{"id":"b68dfb42-f247-4682-aff2-8adacc338747", "isDeleted:":"true", "version":"1735962236373"}}
{"logTime": "0208/230932", "correlationVector":"x3ojw+SPVuorHKlqYm+dSO.158","action":"GetUpdates", "result":"DeleteReceived", "context":{"id":"bae4b475-3f2c-41ab-a8e1-43eb240d5017", "isDeleted:":"true", "version":"1735962781041"}}
{"logTime": "0208/230932", "correlationVector":"x3ojw+SPVuorHKlqYm+dSO.159","action":"GetUpdates", "result":"DeleteReceived", "context":{"id":"825f4d26-fb03-4068-95cd-60f9da8a06d1", "isDeleted:":"true", "version":"1735965422057"}}
{"logTime": "0208/230932", "correlationVector":"x3ojw+SPVuorHKlqYm+dSO.160","action":"GetUpdates", "result":"DeleteReceived", "context":{"id":"40be1f65-c15d-4d2a-85b0-b1f365c4e399", "isDeleted:":"true", "version":"1735967041656"}}
{"logTime": "0208/230932", "correlationVector":"x3ojw+SPVuorHKlqYm+dSO.161","action":"GetUpdates", "result":"DeleteReceived", "context":{"id":"0b72a18b-2319-4894-ba5a-7b4c482cae85", "isDeleted:":"true", "version":"1735975803852"}}
{"logTime": "0208/230932", "correlationVector":"x3ojw+SPVuorHKlqYm+dSO.162","action":"GetUpdates", "result":"DeleteReceived", "context":{"id":"eead708d-43d3-45eb-92fd-cfcd58955810", "isDeleted:":"true", "version":"1735975886797"}}
{"logTime": "0208/230932", "correlationVector":"x3ojw+SPVuorHKlqYm+dSO.163","action":"GetUpdates", "result":"DeleteReceived", "context":{"id":"0b86fff2-e028-45b7-a6c5-68060094f7d2", "isDeleted:":"true", "version":"1735980483272"}}
{"logTime": "0208/230932", "correlationVector":"x3ojw+SPVuorHKlqYm+dSO.164","action":"GetUpdates", "result":"DeleteReceived", "context":{"id":"b32fc7ce-1d43-45aa-8612-0dda634edb22", "isDeleted:":"true", "version":"1735985342951"}}
{"logTime": "0208/230932", "correlationVector":"x3ojw+SPVuorHKlqYm+dSO.165","action":"GetUpdates", "result":"DeleteReceived", "context":{"id":"fa5a7daf-f68a-48ef-bdb3-c375a292f5c0", "isDeleted:":"true", "version":"1735990952272"}}
{"logTime": "0208/230932", "correlationVector":"x3ojw+SPVuorHKlqYm+dSO.166","action":"GetUpdates", "result":"DeleteReceived", "context":{"id":"20332663-b60f-4389-9535-34cbfcf1ccca", "isDeleted:":"true", "version":"1735992061705"}}
{"logTime": "0208/230932", "correlationVector":"x3ojw+SPVuorHKlqYm+dSO.167","action":"GetUpdates", "result":"DeleteReceived", "context":{"id":"040823cf-c266-4e16-82f5-c009e302840a", "isDeleted:":"true", "version":"1735993273462"}}
{"logTime": "0208/230932", "correlationVector":"x3ojw+SPVuorHKlqYm+dSO.168","action":"GetUpdates", "result":"DeleteReceived", "context":{"id":"cc97d834-6449-4590-bfb5-0ac17448dc99", "isDeleted:":"true", "version":"1735995842509"}}
{"logTime": "0208/230932", "correlationVector":"x3ojw+SPVuorHKlqYm+dSO.169","action":"GetUpdates", "result":"DeleteReceived", "context":{"id":"16ed8763-fdda-4ef1-9f71-16d3b22a7f3a", "isDeleted:":"true", "version":"1736000103098"}}
{"logTime": "0208/230932", "correlationVector":"x3ojw+SPVuorHKlqYm+dSO.170","action":"GetUpdates", "result":"DeleteReceived", "context":{"id":"f3995596-2ff2-4dc9-8191-15ade1c864b0", "isDeleted:":"true", "version":"1736050806844"}}
{"logTime": "0208/230932", "correlationVector":"x3ojw+SPVuorHKlqYm+dSO.171","action":"GetUpdates", "result":"DeleteReceived", "context":{"id":"25e7333b-c505-4eaa-b849-fcdceb8e85f9", "isDeleted:":"true", "version":"1736066458616"}}
{"logTime": "0208/230932", "correlationVector":"x3ojw+SPVuorHKlqYm+dSO.172","action":"GetUpdates", "result":"DeleteReceived", "context":{"id":"15189491-663c-48ad-bb6b-f4ca5544c536", "isDeleted:":"true", "version":"1736066517633"}}
{"logTime": "0208/230932", "correlationVector":"x3ojw+SPVuorHKlqYm+dSO.173","action":"GetUpdates", "result":"DeleteReceived", "context":{"id":"0c792bf3-db95-4128-be13-b2c1e23193fc", "isDeleted:":"true", "version":"1736074322997"}}
{"logTime": "0208/230932", "correlationVector":"x3ojw+SPVuorHKlqYm+dSO.174","action":"GetUpdates", "result":"DeleteReceived", "context":{"id":"ac091d8d-0f5d-42c0-963e-5fdd1b4f7597", "isDeleted:":"true", "version":"1736079122676"}}
{"logTime": "0208/230932", "correlationVector":"x3ojw+SPVuorHKlqYm+dSO.175","action":"GetUpdates", "result":"DeleteReceived", "context":{"id":"96f7af6f-bfd7-47fc-9fb0-3d474e26ddc5", "isDeleted:":"true", "version":"1736147297292"}}
{"logTime": "0208/230932", "correlationVector":"x3ojw+SPVuorHKlqYm+dSO.176","action":"GetUpdates", "result":"DeleteReceived", "context":{"id":"373159fb-35b8-459e-93c3-becf31928d03", "isDeleted:":"true", "version":"1736148721067"}}
{"logTime": "0208/230932", "correlationVector":"x3ojw+SPVuorHKlqYm+dSO.177","action":"GetUpdates", "result":"DeleteReceived", "context":{"id":"3b78cab6-f131-4c56-854d-a74ae19b1ae6", "isDeleted:":"true", "version":"1736152321864"}}
{"logTime": "0208/230932", "correlationVector":"x3ojw+SPVuorHKlqYm+dSO.178","action":"GetUpdates", "result":"DeleteReceived", "context":{"id":"e4fcf978-f23d-46ce-8ea8-f18e508055c4", "isDeleted:":"true", "version":"1736161323314"}}
{"logTime": "0208/230932", "correlationVector":"x3ojw+SPVuorHKlqYm+dSO.179","action":"GetUpdates", "result":"DeleteReceived", "context":{"id":"72783b48-ac60-4fea-83df-8f4ff98c5d46", "isDeleted:":"true", "version":"1736163121483"}}
{"logTime": "0208/230932", "correlationVector":"x3ojw+SPVuorHKlqYm+dSO.180","action":"GetUpdates", "result":"DeleteReceived", "context":{"id":"73cc2b8a-0d05-4fea-8644-f07fa0ab841e", "isDeleted:":"true", "version":"1736168522727"}}
{"logTime": "0208/230932", "correlationVector":"x3ojw+SPVuorHKlqYm+dSO.181","action":"GetUpdates", "result":"DeleteReceived", "context":{"id":"59e13803-8ed9-431e-b723-63f2a65ce314", "isDeleted:":"true", "version":"1736169121033"}}
{"logTime": "0208/230932", "correlationVector":"x3ojw+SPVuorHKlqYm+dSO.182","action":"GetUpdates", "result":"DeleteReceived", "context":{"id":"431c86f3-57bf-48ec-bed1-b8109d259015", "isDeleted:":"true", "version":"1736170321469"}}
{"logTime": "0208/230932", "correlationVector":"x3ojw+SPVuorHKlqYm+dSO.183","action":"GetUpdates", "result":"DeleteReceived", "context":{"id":"4cd86fe6-bffe-4327-9270-f185e42a0f03", "isDeleted:":"true", "version":"1736170920942"}}
{"logTime": "0208/230932", "correlationVector":"x3ojw+SPVuorHKlqYm+dSO.184","action":"GetUpdates", "result":"DeleteReceived", "context":{"id":"52a4a78b-59ec-4690-86da-4e0377627217", "isDeleted:":"true", "version":"1736171341211"}}
{"logTime": "0208/230932", "correlationVector":"x3ojw+SPVuorHKlqYm+dSO.185","action":"GetUpdates", "result":"DeleteReceived", "context":{"id":"25bd4f84-7718-499d-b24c-cb6aaf5ef755", "isDeleted:":"true", "version":"1736172121135"}}
{"logTime": "0208/230932", "correlationVector":"x3ojw+SPVuorHKlqYm+dSO.186","action":"GetUpdates", "result":"DeleteReceived", "context":{"id":"38a396e1-5c81-479c-b7cc-9cb08ed77bdb", "isDeleted:":"true", "version":"1736173625338"}}
{"logTime": "0208/230932", "correlationVector":"x3ojw+SPVuorHKlqYm+dSO.187","action":"GetUpdates", "result":"DeleteReceived", "context":{"id":"94244a81-2158-44e9-ac5b-69a0962fd9b6", "isDeleted:":"true", "version":"1736254659887"}}
{"logTime": "0208/230932", "correlationVector":"x3ojw+SPVuorHKlqYm+dSO.188","action":"GetUpdates", "result":"DeleteReceived", "context":{"id":"6bb431c1-1ec4-4c86-96b1-7d78f9ed7516", "isDeleted:":"true", "version":"1736254748340"}}
{"logTime": "0208/230932", "correlationVector":"x3ojw+SPVuorHKlqYm+dSO.189","action":"GetUpdates", "result":"DeleteReceived", "context":{"id":"07b5e121-4d91-4b94-a554-dbf504b778b5", "isDeleted:":"true", "version":"1736255281475"}}
{"logTime": "0208/230932", "correlationVector":"x3ojw+SPVuorHKlqYm+dSO.190","action":"GetUpdates", "result":"DeleteReceived", "context":{"id":"caedd2aa-debe-42a0-9426-96b9cf033bbf", "isDeleted:":"true", "version":"1736260023081"}}
{"logTime": "0208/230932", "correlationVector":"x3ojw+SPVuorHKlqYm+dSO.191","action":"GetUpdates", "result":"DeleteReceived", "context":{"id":"966e2b89-3f67-44cb-9989-f9587a72e17d", "isDeleted:":"true", "version":"1736299355940"}}
{"logTime": "0208/230932", "correlationVector":"x3ojw+SPVuorHKlqYm+dSO.192","action":"GetUpdates", "result":"DeleteReceived", "context":{"id":"3328ab9c-8fab-427f-804b-f28921a3ff30", "isDeleted:":"true", "version":"1736323568671"}}
{"logTime": "0208/230932", "correlationVector":"x3ojw+SPVuorHKlqYm+dSO.193","action":"GetUpdates", "result":"DeleteReceived", "context":{"id":"45b94478-3920-4889-9fec-3f9eb237ae6a", "isDeleted:":"true", "version":"1736323981621"}}
{"logTime": "0208/230932", "correlationVector":"x3ojw+SPVuorHKlqYm+dSO.194","action":"GetUpdates", "result":"DeleteReceived", "context":{"id":"320046a7-06d9-4a67-aeaf-d85e3f602d5f", "isDeleted:":"true", "version":"1736348288825"}}
{"logTime": "0208/230932", "correlationVector":"x3ojw+SPVuorHKlqYm+dSO.195","action":"GetUpdates", "result":"DeleteReceived", "context":{"id":"cd71bd7e-7364-4d10-a414-b1a0d4faefa3", "isDeleted:":"true", "version":"1736350022865"}}
{"logTime": "0208/230932", "correlationVector":"x3ojw+SPVuorHKlqYm+dSO.196","action":"GetUpdates", "result":"DeleteReceived", "context":{"id":"30eae4f5-cb59-4b13-9b6d-c2000056c5f4", "isDeleted:":"true", "version":"1736360465406"}}
{"logTime": "0208/230932", "correlationVector":"x3ojw+SPVuorHKlqYm+dSO.197","action":"GetUpdates", "result":"DeleteReceived", "context":{"id":"4be6d2c4-067c-4b28-9d54-449fe85c0fde", "isDeleted:":"true", "version":"1736408470247"}}
{"logTime": "0208/230932", "correlationVector":"x3ojw+SPVuorHKlqYm+dSO.198","action":"GetUpdates", "result":"DeleteReceived", "context":{"id":"3dcb5934-85f7-4c0c-97b8-15b38bf8d400", "isDeleted:":"true", "version":"1736409721120"}}
{"logTime": "0208/230932", "correlationVector":"x3ojw+SPVuorHKlqYm+dSO.199","action":"GetUpdates", "result":"DeleteReceived", "context":{"id":"177bd84a-7e6f-40a4-8261-b8c7a50ea743", "isDeleted:":"true", "version":"1736413321950"}}
{"logTime": "0208/230932", "correlationVector":"x3ojw+SPVuorHKlqYm+dSO.200","action":"GetUpdates", "result":"DeleteReceived", "context":{"id":"74694a01-1694-4f9d-9490-9317c1198f88", "isDeleted:":"true", "version":"1736413500586"}}
{"logTime": "0208/230932", "correlationVector":"x3ojw+SPVuorHKlqYm+dSO.201","action":"GetUpdates", "result":"DeleteReceived", "context":{"id":"0d4b387d-8a4e-43fa-9819-d507650e3e02", "isDeleted:":"true", "version":"1736415121445"}}
{"logTime": "0208/230932", "correlationVector":"x3ojw+SPVuorHKlqYm+dSO.202","action":"GetUpdates", "result":"DeleteReceived", "context":{"id":"a6a43939-e957-4a2b-b7c4-f640abd62fd8", "isDeleted:":"true", "version":"1736416801445"}}
{"logTime": "0208/230932", "correlationVector":"x3ojw+SPVuorHKlqYm+dSO.203","action":"GetUpdates", "result":"DeleteReceived", "context":{"id":"90796405-1848-4d1f-86c6-958756335b2d", "isDeleted:":"true", "version":"1736416921046"}}
{"logTime": "0208/230932", "correlationVector":"x3ojw+SPVuorHKlqYm+dSO.204","action":"GetUpdates", "result":"DeleteReceived", "context":{"id":"704666ec-23c1-4d4b-9793-8677b61dae3d", "isDeleted:":"true", "version":"1736418061334"}}
{"logTime": "0208/230932", "correlationVector":"x3ojw+SPVuorHKlqYm+dSO.205","action":"GetUpdates", "result":"DeleteReceived", "context":{"id":"a02cd779-71b7-4b7c-be2e-38e515f4c11d", "isDeleted:":"true", "version":"1736418300608"}}
{"logTime": "0208/230932", "correlationVector":"x3ojw+SPVuorHKlqYm+dSO.206","action":"GetUpdates", "result":"DeleteReceived", "context":{"id":"c0dddfc1-4caa-4714-bfb5-05acb8ea03c2", "isDeleted:":"true", "version":"1736418720782"}}
{"logTime": "0208/230932", "correlationVector":"x3ojw+SPVuorHKlqYm+dSO.207","action":"GetUpdates", "result":"DeleteReceived", "context":{"id":"b4beee81-d3b5-480d-9dc1-bf88980dd97c", "isDeleted:":"true", "version":"1736420521640"}}
{"logTime": "0208/230932", "correlationVector":"x3ojw+SPVuorHKlqYm+dSO.208","action":"GetUpdates", "result":"DeleteReceived", "context":{"id":"8fc75231-13ec-41ce-a0cf-f9e0cfb551b1", "isDeleted:":"true", "version":"1736422321548"}}
{"logTime": "0208/230932", "correlationVector":"x3ojw+SPVuorHKlqYm+dSO.209","action":"GetUpdates", "result":"DeleteReceived", "context":{"id":"0a9dd5fd-411c-4645-9589-637b496ddd44", "isDeleted:":"true", "version":"1736422980883"}}
{"logTime": "0208/230932", "correlationVector":"x3ojw+SPVuorHKlqYm+dSO.210","action":"GetUpdates", "result":"DeleteReceived", "context":{"id":"9ef97b60-e687-43e0-871c-c35ef60632b8", "isDeleted:":"true", "version":"1736424061337"}}
{"logTime": "0208/230932", "correlationVector":"x3ojw+SPVuorHKlqYm+dSO.211","action":"GetUpdates", "result":"DeleteReceived", "context":{"id":"7ab1005d-bb0b-4af4-9648-3b514729b03a", "isDeleted:":"true", "version":"1736427721776"}}
{"logTime": "0208/230932", "correlationVector":"x3ojw+SPVuorHKlqYm+dSO.212","action":"GetUpdates", "result":"DeleteReceived", "context":{"id":"e5ebb7b4-95cd-4476-b66c-9adddc8a7318", "isDeleted:":"true", "version":"1736428741272"}}
{"logTime": "0208/230932", "correlationVector":"x3ojw+SPVuorHKlqYm+dSO.213","action":"GetUpdates", "result":"DeleteReceived", "context":{"id":"adfd6343-2914-4cdc-a413-96a4b515982b", "isDeleted:":"true", "version":"1736433122315"}}
{"logTime": "0208/230932", "correlationVector":"x3ojw+SPVuorHKlqYm+dSO.214","action":"GetUpdates", "result":"DeleteReceived", "context":{"id":"149840c8-5740-4280-a3d3-217b01e8c1e4", "isDeleted:":"true", "version":"1736434682348"}}
{"logTime": "0208/230932", "correlationVector":"x3ojw+SPVuorHKlqYm+dSO.215","action":"GetUpdates", "result":"DeleteReceived", "context":{"id":"3056e076-2ae8-4537-bdd2-518b3152b3d9", "isDeleted:":"true", "version":"1736434920952"}}
{"logTime": "0208/230932", "correlationVector":"x3ojw+SPVuorHKlqYm+dSO.216","action":"GetUpdates", "result":"DeleteReceived", "context":{"id":"012c5224-7081-4100-8abe-9e8d257e936a", "isDeleted:":"true", "version":"1736436721643"}}
{"logTime": "0208/230932", "correlationVector":"x3ojw+SPVuorHKlqYm+dSO.217","action":"GetUpdates", "result":"DeleteReceived", "context":{"id":"b7bec7aa-b13a-49ea-9c19-09b554f8567d", "isDeleted:":"true", "version":"1736438521785"}}
{"logTime": "0208/230932", "correlationVector":"x3ojw+SPVuorHKlqYm+dSO.218","action":"GetUpdates", "result":"DeleteReceived", "context":{"id":"8f2ca1d6-d5a4-41f2-b7d2-f226469e564d", "isDeleted:":"true", "version":"1736583243491"}}
{"logTime": "0208/230932", "correlationVector":"x3ojw+SPVuorHKlqYm+dSO.219","action":"GetUpdates", "result":"DeleteReceived", "context":{"id":"89140b18-1374-495b-b6c9-1e3b5b6fab5e", "isDeleted:":"true", "version":"1736583481169"}}
{"logTime": "0208/230932", "correlationVector":"x3ojw+SPVuorHKlqYm+dSO.220","action":"GetUpdates", "result":"DeleteReceived", "context":{"id":"300b5eb9-151f-47dc-abe9-ee28dc5a16c9", "isDeleted:":"true", "version":"1736587262523"}}
{"logTime": "0208/230932", "correlationVector":"x3ojw+SPVuorHKlqYm+dSO.221","action":"GetUpdates", "result":"DeleteReceived", "context":{"id":"b94c746d-ed98-411f-bb4a-ab45e42d60aa", "isDeleted:":"true", "version":"1736667419698"}}
{"logTime": "0208/230932", "correlationVector":"x3ojw+SPVuorHKlqYm+dSO.222","action":"GetUpdates", "result":"DeleteReceived", "context":{"id":"0da8a7da-e604-4034-bcce-ce8d74727a83", "isDeleted:":"true", "version":"1736673722099"}}
{"logTime": "0208/230932", "correlationVector":"x3ojw+SPVuorHKlqYm+dSO.223","action":"GetUpdates", "result":"DeleteReceived", "context":{"id":"c52c78b4-9c88-4bfe-9f71-adbf1a0b4bcb", "isDeleted:":"true", "version":"1736673722100"}}
{"logTime": "0208/230932", "correlationVector":"x3ojw+SPVuorHKlqYm+dSO.224","action":"GetUpdates", "result":"DeleteReceived", "context":{"id":"d15eb7a2-7bcd-4bf9-b674-212951450312", "isDeleted:":"true", "version":"1736679479913"}}
{"logTime": "0208/230932", "correlationVector":"x3ojw+SPVuorHKlqYm+dSO.225","action":"GetUpdates", "result":"DeleteReceived", "context":{"id":"f401ebc7-81a6-40a7-9fd8-c7d4f7a97e28", "isDeleted:":"true", "version":"1736679539080"}}
{"logTime": "0208/230932", "correlationVector":"x3ojw+SPVuorHKlqYm+dSO.226","action":"GetUpdates", "result":"DeleteReceived", "context":{"id":"c3c63158-5f2b-4f30-9fa7-588748bb06a3", "isDeleted:":"true", "version":"1736685904221"}}
{"logTime": "0208/230932", "correlationVector":"x3ojw+SPVuorHKlqYm+dSO.227","action":"GetUpdates", "result":"DeleteReceived", "context":{"id":"db46f7ae-4781-41bd-8559-4ab1d5a16381", "isDeleted:":"true", "version":"1736686153564"}}
{"logTime": "0208/230932", "correlationVector":"x3ojw+SPVuorHKlqYm+dSO.228","action":"GetUpdates", "result":"DeleteReceived", "context":{"id":"becdf285-66ed-46a6-88b5-62180cb8c8ec", "isDeleted:":"true", "version":"1736688019357"}}
{"logTime": "0208/230932", "correlationVector":"x3ojw+SPVuorHKlqYm+dSO.229","action":"GetUpdates", "result":"DeleteReceived", "context":{"id":"f073f2e9-8897-4bf8-a266-b867401879e0", "isDeleted:":"true", "version":"1736690523166"}}
{"logTime": "0208/230932", "correlationVector":"x3ojw+SPVuorHKlqYm+dSO.230","action":"GetUpdates", "result":"DeleteReceived", "context":{"id":"6f4e96ee-d270-42ee-9259-d6bc4ae0e2f0", "isDeleted:":"true", "version":"1736692322936"}}
{"logTime": "0208/230932", "correlationVector":"x3ojw+SPVuorHKlqYm+dSO.231","action":"GetUpdates", "result":"DeleteReceived", "context":{"id":"f4344f0b-ea1a-4a2c-80f2-455e66677f07", "isDeleted:":"true", "version":"1736694123161"}}
{"logTime": "0208/230932", "correlationVector":"x3ojw+SPVuorHKlqYm+dSO.232","action":"GetUpdates", "result":"DeleteReceived", "context":{"id":"e87efd39-db56-406f-a405-c0da5eca66d1", "isDeleted:":"true", "version":"1736694362276"}}
{"logTime": "0208/230932", "correlationVector":"x3ojw+SPVuorHKlqYm+dSO.233","action":"GetUpdates", "result":"DeleteReceived", "context":{"id":"0e0f54ef-5a88-4885-9256-431ec19f450f", "isDeleted:":"true", "version":"1736697723446"}}
{"logTime": "0208/230932", "correlationVector":"x3ojw+SPVuorHKlqYm+dSO.234","action":"GetUpdates", "result":"DeleteReceived", "context":{"id":"31c7b843-3e5b-4810-bb77-4e5ce55d9fe8", "isDeleted:":"true", "version":"1736699523042"}}
{"logTime": "0208/230932", "correlationVector":"x3ojw+SPVuorHKlqYm+dSO.235","action":"GetUpdates", "result":"DeleteReceived", "context":{"id":"220792ae-4f5f-40a1-b1fe-03fd57fe8525", "isDeleted:":"true", "version":"1736701323041"}}
{"logTime": "0208/230932", "correlationVector":"x3ojw+SPVuorHKlqYm+dSO.236","action":"GetUpdates", "result":"DeleteReceived", "context":{"id":"1e19d4b5-6933-45c1-a129-888e9677fa54", "isDeleted:":"true", "version":"1736738458485"}}
{"logTime": "0208/230932", "correlationVector":"x3ojw+SPVuorHKlqYm+dSO.237","action":"GetUpdates", "result":"DeleteReceived", "context":{"id":"a1ecae00-5b9e-40df-871b-e9605221bc6f", "isDeleted:":"true", "version":"1736738517531"}}
{"logTime": "0208/230932", "correlationVector":"x3ojw+SPVuorHKlqYm+dSO.238","action":"GetUpdates", "result":"DeleteReceived", "context":{"id":"b5a76b11-3fbf-499a-8046-2893130c2776", "isDeleted:":"true", "version":"1736739901109"}}
{"logTime": "0208/230932", "correlationVector":"x3ojw+SPVuorHKlqYm+dSO.239","action":"GetUpdates", "result":"DeleteReceived", "context":{"id":"3ca7c241-1d53-4504-986b-88786d682b4d", "isDeleted:":"true", "version":"1736743801961"}}
{"logTime": "0208/230932", "correlationVector":"x3ojw+SPVuorHKlqYm+dSO.240","action":"GetUpdates", "result":"DeleteReceived", "context":{"id":"9b0bb997-b786-47bd-81a0-bd270ee8c1f5", "isDeleted:":"true", "version":"1736771521810"}}
{"logTime": "0208/230932", "correlationVector":"x3ojw+SPVuorHKlqYm+dSO.241","action":"GetUpdates", "result":"DeleteReceived", "context":{"id":"3b9bf460-e32c-40af-9cac-c99fd28723c4", "isDeleted:":"true", "version":"1735729843196"}}
{"logTime": "0208/230932", "correlationVector":"x3ojw+SPVuorHKlqYm+dSO.242","action":"GetUpdates", "result":"DeleteReceived", "context":{"id":"d4987bfd-f3e3-4250-84b1-12bfca6ee20d", "isDeleted:":"true", "version":"1736673633637"}}
{"logTime": "0208/230932", "correlationVector":"x3ojw+SPVuorHKlqYm+dSO.243","action":"GetUpdates", "result":"DeleteReceived", "context":{"id":"94d9ef0c-f495-46ab-81f5-3c44bd5e34bb", "isDeleted:":"true", "version":"1736673633638"}}
{"logTime": "0208/230932", "correlationVector":"x3ojw+SPVuorHKlqYm+dSO.244","action":"GetUpdates", "result":"DeleteReceived", "context":{"id":"acde60eb-91a0-4e2a-ad4d-2d63db6ea7f9", "isDeleted:":"true", "version":"1736673633639"}}
{"logTime": "0208/230932", "correlationVector":"x3ojw+SPVuorHKlqYm+dSO.245","action":"GetUpdates", "result":"DeleteReceived", "context":{"id":"0cf8a757-ae05-497a-8dd6-f4b0e897a8e2", "isDeleted:":"true", "version":"1736673633640"}}
{"logTime": "0208/230932", "correlationVector":"x3ojw+SPVuorHKlqYm+dSO.246","action":"GetUpdates", "result":"DeleteReceived", "context":{"id":"cc32201c-74bf-4846-8fad-68978172bccc", "isDeleted:":"true", "version":"1736673635283"}}
{"logTime": "0208/230932", "correlationVector":"x3ojw+SPVuorHKlqYm+dSO.247","action":"GetUpdates Response", "result":"Success", "context":Received 250 update(s). cV=x3ojw+SPVuorHKlqYm+dSO.0;server=akswtt00900001p;cloudType=Consumer;environment=Prod_southindia_prod-s01-004-apac-southindia;migrationStage=NotStarted Some updates remain.}
{"logTime": "0208/230932", "correlationVector":"yXxA02jk0NVuf5qTe/VjV0","action":"Initial GetUpdates", "result":"", "context":Reason: NEWLY_SUPPORTED_DATATYPE. cV=yXxA02jk0NVuf5qTe/VjV0}
{"logTime": "0208/230933", "correlationVector":"yXxA02jk0NVuf5qTe/VjV0.1","action":"SyncServerConnectionManagerRequest", "result":"SYNC_SERVER_OK", "context":{"environment":"Prod_southindia_prod-s01-004-apac-southindia", "migrationStage":"NotStarted", "server":"akswtt00900000o"}}
{"logTime": "0208/230933", "correlationVector":"yXxA02jk0NVuf5qTe/VjV0.2","action":"GetUpdates", "result":"DeleteReceived", "context":{"id":"a1d015e1-b621-4c23-98e3-1fd725b5fdbc", "isDeleted:":"true", "version":"1736790274726"}}
{"logTime": "0208/230933", "correlationVector":"yXxA02jk0NVuf5qTe/VjV0.3","action":"GetUpdates", "result":"DeleteReceived", "context":{"id":"196f894a-ceb5-4615-93a5-8e7c2581016f", "isDeleted:":"true", "version":"1736790274727"}}
{"logTime": "0208/230933", "correlationVector":"yXxA02jk0NVuf5qTe/VjV0.4","action":"GetUpdates", "result":"DeleteReceived", "context":{"id":"2caad3f3-83ac-401f-8daf-c72e0fed772d", "isDeleted:":"true", "version":"1736838635304"}}
{"logTime": "0208/230933", "correlationVector":"yXxA02jk0NVuf5qTe/VjV0.5","action":"GetUpdates", "result":"DeleteReceived", "context":{"id":"2529d3ae-bfe5-4fbd-91b3-5584f9f63346", "isDeleted:":"true", "version":"1736912299071"}}
{"logTime": "0208/230933", "correlationVector":"yXxA02jk0NVuf5qTe/VjV0.6","action":"GetUpdates", "result":"DeleteReceived", "context":{"id":"fd21f383-bb32-4d04-8c6d-10568e3562d0", "isDeleted:":"true", "version":"1736912299072"}}
{"logTime": "0208/230933", "correlationVector":"yXxA02jk0NVuf5qTe/VjV0.7","action":"GetUpdates", "result":"DeleteReceived", "context":{"id":"fb3936d6-99c0-49ea-9be3-dfc0580665b1", "isDeleted:":"true", "version":"1736912299073"}}
{"logTime": "0208/230933", "correlationVector":"yXxA02jk0NVuf5qTe/VjV0.8","action":"GetUpdates", "result":"DeleteReceived", "context":{"id":"518fb6c2-6e57-4647-99c8-4a0c3d24a0f0", "isDeleted:":"true", "version":"1736912299074"}}
{"logTime": "0208/230933", "correlationVector":"yXxA02jk0NVuf5qTe/VjV0.9","action":"GetUpdates", "result":"DeleteReceived", "context":{"id":"99011c94-a6cc-43bf-8a5e-7cc5d8165837", "isDeleted:":"true", "version":"1736914710781"}}
{"logTime": "0208/230933", "correlationVector":"yXxA02jk0NVuf5qTe/VjV0.10","action":"GetUpdates", "result":"DeleteReceived", "context":{"id":"f5195231-d1ec-4b29-9d9a-376ed5cb8f1c", "isDeleted:":"true", "version":"1736916972840"}}
{"logTime": "0208/230933", "correlationVector":"yXxA02jk0NVuf5qTe/VjV0.11","action":"GetUpdates", "result":"DeleteReceived", "context":{"id":"efed6804-c45d-41c3-b8be-24a6c518e796", "isDeleted:":"true", "version":"1736946868790"}}
{"logTime": "0208/230933", "correlationVector":"yXxA02jk0NVuf5qTe/VjV0.12","action":"GetUpdates", "result":"DeleteReceived", "context":{"id":"9d441528-a9d7-4182-9403-f213c70b8835", "isDeleted:":"true", "version":"1736946868791"}}
{"logTime": "0208/230933", "correlationVector":"yXxA02jk0NVuf5qTe/VjV0.13","action":"GetUpdates", "result":"DeleteReceived", "context":{"id":"9de3320a-7589-4ebd-b180-cac37d47b91c", "isDeleted:":"true", "version":"1736946868792"}}
{"logTime": "0208/230933", "correlationVector":"yXxA02jk0NVuf5qTe/VjV0.14","action":"GetUpdates", "result":"DeleteReceived", "context":{"id":"520e9b83-bea1-4cae-99d9-27f5199145b9", "isDeleted:":"true", "version":"1736946868793"}}
{"logTime": "0208/230933", "correlationVector":"yXxA02jk0NVuf5qTe/VjV0.15","action":"GetUpdates", "result":"DeleteReceived", "context":{"id":"4de3df51-795a-4d6f-8e01-7cd5e2265372", "isDeleted:":"true", "version":"1736946868794"}}
{"logTime": "0208/230933", "correlationVector":"yXxA02jk0NVuf5qTe/VjV0.16","action":"GetUpdates", "result":"DeleteReceived", "context":{"id":"fc760a88-6898-4fcb-80de-85e46d72034d", "isDeleted:":"true", "version":"1736946868795"}}
{"logTime": "0208/230933", "correlationVector":"yXxA02jk0NVuf5qTe/VjV0.17","action":"GetUpdates", "result":"DeleteReceived", "context":{"id":"6f98ebb8-8eb2-4b59-8363-68fad8aa59ad", "isDeleted:":"true", "version":"1736946868796"}}
{"logTime": "0208/230933", "correlationVector":"yXxA02jk0NVuf5qTe/VjV0.18","action":"GetUpdates", "result":"DeleteReceived", "context":{"id":"189ab6d1-c674-48e8-b9bb-5b87284e1fca", "isDeleted:":"true", "version":"1736946868797"}}
{"logTime": "0208/230933", "correlationVector":"yXxA02jk0NVuf5qTe/VjV0.19","action":"GetUpdates", "result":"DeleteReceived", "context":{"id":"8a071e65-9b4c-4594-bee3-43de266b77a6", "isDeleted:":"true", "version":"1736946868799"}}
{"logTime": "0208/230933", "correlationVector":"yXxA02jk0NVuf5qTe/VjV0.20","action":"GetUpdates", "result":"DeleteReceived", "context":{"id":"be0f4a2b-daf3-4cc8-bef5-6c4875a95a28", "isDeleted:":"true", "version":"1737105666911"}}
{"logTime": "0208/230933", "correlationVector":"yXxA02jk0NVuf5qTe/VjV0.21","action":"GetUpdates", "result":"DeleteReceived", "context":{"id":"40230ab9-e534-4ba1-aa15-b75a79381919", "isDeleted:":"true", "version":"1737138906741"}}
{"logTime": "0208/230933", "correlationVector":"yXxA02jk0NVuf5qTe/VjV0.22","action":"GetUpdates", "result":"DeleteReceived", "context":{"id":"3924c64b-7d2f-4292-922c-cb3aaeb7ed65", "isDeleted:":"true", "version":"1737138906742"}}
{"logTime": "0208/230933", "correlationVector":"yXxA02jk0NVuf5qTe/VjV0.23","action":"GetUpdates", "result":"DeleteReceived", "context":{"id":"c95e69a3-fe6a-4fbc-aae3-e3da10d51c08", "isDeleted:":"true", "version":"1737270170665"}}
{"logTime": "0208/230933", "correlationVector":"yXxA02jk0NVuf5qTe/VjV0.24","action":"GetUpdates", "result":"DeleteReceived", "context":{"id":"64709049-e816-48bf-bfda-67412240ddbc", "isDeleted:":"true", "version":"1737432371945"}}
{"logTime": "0208/230933", "correlationVector":"yXxA02jk0NVuf5qTe/VjV0.25","action":"GetUpdates", "result":"DeleteReceived", "context":{"id":"f8b953bc-9eda-444b-bf33-246bf537d854", "isDeleted:":"true", "version":"1737453944034"}}
{"logTime": "0208/230933", "correlationVector":"yXxA02jk0NVuf5qTe/VjV0.26","action":"GetUpdates", "result":"DeleteReceived", "context":{"id":"dc927aff-9149-4f3a-8343-2b81522662a1", "isDeleted:":"true", "version":"1737559048625"}}
{"logTime": "0208/230933", "correlationVector":"yXxA02jk0NVuf5qTe/VjV0.27","action":"GetUpdates", "result":"DeleteReceived", "context":{"id":"4f27ee98-c529-46a3-b61e-81fc1e3433f0", "isDeleted:":"true", "version":"1737645758502"}}
{"logTime": "0208/230933", "correlationVector":"yXxA02jk0NVuf5qTe/VjV0.28","action":"GetUpdates", "result":"DeleteReceived", "context":{"id":"b76374c6-979e-4a92-af5d-404f639bb824", "isDeleted:":"true", "version":"1736771701223"}}
{"logTime": "0208/230933", "correlationVector":"yXxA02jk0NVuf5qTe/VjV0.29","action":"GetUpdates", "result":"DeleteReceived", "context":{"id":"414dda56-7aef-419f-8bdf-8c7c2489da43", "isDeleted:":"true", "version":"1736784755956"}}
{"logTime": "0208/230933", "correlationVector":"yXxA02jk0NVuf5qTe/VjV0.30","action":"GetUpdates", "result":"DeleteReceived", "context":{"id":"ed711f8f-59f2-4fb1-939e-23f03229c9d5", "isDeleted:":"true", "version":"1736784845099"}}
{"logTime": "0208/230933", "correlationVector":"yXxA02jk0NVuf5qTe/VjV0.31","action":"GetUpdates", "result":"DeleteReceived", "context":{"id":"3a60d761-f888-4a25-9e23-cb6772ed1970", "isDeleted:":"true", "version":"1736825866552"}}
{"logTime": "0208/230933", "correlationVector":"yXxA02jk0NVuf5qTe/VjV0.32","action":"GetUpdates", "result":"DeleteReceived", "context":{"id":"5e7f8dcc-329f-47f6-a136-e9d4e7d2c17c", "isDeleted:":"true", "version":"1736825955653"}}
{"logTime": "0208/230933", "correlationVector":"yXxA02jk0NVuf5qTe/VjV0.33","action":"GetUpdates", "result":"DeleteReceived", "context":{"id":"bb61be9b-1dc6-4464-9329-f8a6345635b5", "isDeleted:":"true", "version":"1736829663243"}}
{"logTime": "0208/230933", "correlationVector":"yXxA02jk0NVuf5qTe/VjV0.34","action":"GetUpdates", "result":"DeleteReceived", "context":{"id":"2a1a7c6e-c232-4206-acb2-a2493f26c190", "isDeleted:":"true", "version":"1736833803426"}}
{"logTime": "0208/230933", "correlationVector":"yXxA02jk0NVuf5qTe/VjV0.35","action":"GetUpdates", "result":"DeleteReceived", "context":{"id":"02bbd703-8c7c-46ca-a952-113ae51b722d", "isDeleted:":"true", "version":"1736852307392"}}
{"logTime": "0208/230933", "correlationVector":"yXxA02jk0NVuf5qTe/VjV0.36","action":"GetUpdates", "result":"DeleteReceived", "context":{"id":"22aef8be-81ca-4ae0-81e6-9ee1e3622fe8", "isDeleted:":"true", "version":"1736852527025"}}
{"logTime": "0208/230933", "correlationVector":"yXxA02jk0NVuf5qTe/VjV0.37","action":"GetUpdates", "result":"DeleteReceived", "context":{"id":"56d78659-55b7-4780-81e8-6cb8bb880245", "isDeleted:":"true", "version":"1736854323337"}}
{"logTime": "0208/230933", "correlationVector":"yXxA02jk0NVuf5qTe/VjV0.38","action":"GetUpdates", "result":"DeleteReceived", "context":{"id":"716aecf3-496b-4415-b0bb-128a37acdbce", "isDeleted:":"true", "version":"1736856183332"}}
{"logTime": "0208/230933", "correlationVector":"yXxA02jk0NVuf5qTe/VjV0.39","action":"GetUpdates", "result":"DeleteReceived", "context":{"id":"3cdfec5a-36ed-44a1-9019-cbc65be091d8", "isDeleted:":"true", "version":"1736857923335"}}
{"logTime": "0208/230933", "correlationVector":"yXxA02jk0NVuf5qTe/VjV0.40","action":"GetUpdates", "result":"DeleteReceived", "context":{"id":"0c1485bd-157c-4db6-b545-3faf627388ec", "isDeleted:":"true", "version":"1736861523779"}}
{"logTime": "0208/230933", "correlationVector":"yXxA02jk0NVuf5qTe/VjV0.41","action":"GetUpdates", "result":"DeleteReceived", "context":{"id":"c83fff9d-9515-4936-848f-449dda49ab25", "isDeleted:":"true", "version":"1736863323430"}}
{"logTime": "0208/230933", "correlationVector":"yXxA02jk0NVuf5qTe/VjV0.42","action":"GetUpdates", "result":"DeleteReceived", "context":{"id":"fade55b6-2662-4d46-97ae-3cb77e84bcaf", "isDeleted:":"true", "version":"1736865123495"}}
{"logTime": "0208/230933", "correlationVector":"yXxA02jk0NVuf5qTe/VjV0.43","action":"GetUpdates", "result":"DeleteReceived", "context":{"id":"8b8b83ce-59cd-41bc-a3b5-8dc95a59c753", "isDeleted:":"true", "version":"1736866863842"}}
{"logTime": "0208/230933", "correlationVector":"yXxA02jk0NVuf5qTe/VjV0.44","action":"GetUpdates", "result":"DeleteReceived", "context":{"id":"590b89b1-a50e-4eda-a690-fff6308ab253", "isDeleted:":"true", "version":"1736868068327"}}
{"logTime": "0208/230933", "correlationVector":"yXxA02jk0NVuf5qTe/VjV0.45","action":"GetUpdates", "result":"DeleteReceived", "context":{"id":"8812ea44-0e72-4fb5-b848-592130745694", "isDeleted:":"true", "version":"1736870223353"}}
{"logTime": "0208/230933", "correlationVector":"yXxA02jk0NVuf5qTe/VjV0.46","action":"GetUpdates", "result":"DeleteReceived", "context":{"id":"16947669-af1f-49b7-82f2-6a18dcd05e91", "isDeleted:":"true", "version":"1736871603494"}}
{"logTime": "0208/230933", "correlationVector":"yXxA02jk0NVuf5qTe/VjV0.47","action":"GetUpdates", "result":"DeleteReceived", "context":{"id":"927acb6c-0367-4814-9b20-1193afa9f4d9", "isDeleted:":"true", "version":"1736912299077"}}
{"logTime": "0208/230933", "correlationVector":"yXxA02jk0NVuf5qTe/VjV0.48","action":"GetUpdates", "result":"DeleteReceived", "context":{"id":"0ea8aa19-fe31-4ea8-af7e-63657c218e32", "isDeleted:":"true", "version":"1736913722462"}}
{"logTime": "0208/230933", "correlationVector":"yXxA02jk0NVuf5qTe/VjV0.49","action":"GetUpdates", "result":"DeleteReceived", "context":{"id":"e674d784-622e-43d9-8ea1-4d1033cb483c", "isDeleted:":"true", "version":"1736914081935"}}
{"logTime": "0208/230933", "correlationVector":"yXxA02jk0NVuf5qTe/VjV0.50","action":"GetUpdates", "result":"DeleteReceived", "context":{"id":"95601ae0-54de-492d-bda2-875a4c6575d6", "isDeleted:":"true", "version":"1736915522335"}}
{"logTime": "0208/230933", "correlationVector":"yXxA02jk0NVuf5qTe/VjV0.51","action":"GetUpdates", "result":"DeleteReceived", "context":{"id":"1cc92a1a-65be-421c-a1be-805c8467805b", "isDeleted:":"true", "version":"1736917322293"}}
{"logTime": "0208/230933", "correlationVector":"yXxA02jk0NVuf5qTe/VjV0.52","action":"GetUpdates", "result":"DeleteReceived", "context":{"id":"a5129db6-23bc-4f6c-a35d-ddb277e58753", "isDeleted:":"true", "version":"1736919122731"}}
{"logTime": "0208/230933", "correlationVector":"yXxA02jk0NVuf5qTe/VjV0.53","action":"GetUpdates", "result":"DeleteReceived", "context":{"id":"4c52621d-5068-44dc-84ae-8f6da6c7e305", "isDeleted:":"true", "version":"1736920922846"}}
{"logTime": "0208/230933", "correlationVector":"yXxA02jk0NVuf5qTe/VjV0.54","action":"GetUpdates", "result":"DeleteReceived", "context":{"id":"ea10a02a-66b5-403e-b576-c25e6ef9d1b0", "isDeleted:":"true", "version":"1736922722820"}}
{"logTime": "0208/230933", "correlationVector":"yXxA02jk0NVuf5qTe/VjV0.55","action":"GetUpdates", "result":"DeleteReceived", "context":{"id":"72c959db-8e4f-4257-9f97-af0e7de1edba", "isDeleted:":"true", "version":"1736924522758"}}
{"logTime": "0208/230933", "correlationVector":"yXxA02jk0NVuf5qTe/VjV0.56","action":"GetUpdates", "result":"DeleteReceived", "context":{"id":"d21271e1-f5c4-4edf-80d9-cf9dd1144aec", "isDeleted:":"true", "version":"1736926322905"}}
{"logTime": "0208/230933", "correlationVector":"yXxA02jk0NVuf5qTe/VjV0.57","action":"GetUpdates", "result":"DeleteReceived", "context":{"id":"7e9827f1-9ae1-449f-a920-f047ee3bbc48", "isDeleted:":"true", "version":"1736927162430"}}
{"logTime": "0208/230933", "correlationVector":"yXxA02jk0NVuf5qTe/VjV0.58","action":"GetUpdates", "result":"DeleteReceived", "context":{"id":"dd76e8d8-4e69-4f03-b56f-d0b6769bc825", "isDeleted:":"true", "version":"1736928122722"}}
{"logTime": "0208/230933", "correlationVector":"yXxA02jk0NVuf5qTe/VjV0.59","action":"GetUpdates", "result":"DeleteReceived", "context":{"id":"021b83f5-73ce-4296-99ec-e6fa9c85d52c", "isDeleted:":"true", "version":"1736929923002"}}
{"logTime": "0208/230933", "correlationVector":"yXxA02jk0NVuf5qTe/VjV0.60","action":"GetUpdates", "result":"DeleteReceived", "context":{"id":"09619a5d-ed92-4cff-889d-8933c9129e93", "isDeleted:":"true", "version":"1736931722666"}}
{"logTime": "0208/230933", "correlationVector":"yXxA02jk0NVuf5qTe/VjV0.61","action":"GetUpdates", "result":"DeleteReceived", "context":{"id":"568e86e6-bf12-4901-9c9e-dd4a2e38235d", "isDeleted:":"true", "version":"1736933523025"}}
{"logTime": "0208/230933", "correlationVector":"yXxA02jk0NVuf5qTe/VjV0.62","action":"GetUpdates", "result":"DeleteReceived", "context":{"id":"b05d2218-b2c0-490e-9694-bfcd0e47ec24", "isDeleted:":"true", "version":"1736935323062"}}
{"logTime": "0208/230933", "correlationVector":"yXxA02jk0NVuf5qTe/VjV0.63","action":"GetUpdates", "result":"DeleteReceived", "context":{"id":"b6f9e258-0847-4f63-85cc-755306256ed8", "isDeleted:":"true", "version":"1736937123104"}}
{"logTime": "0208/230933", "correlationVector":"yXxA02jk0NVuf5qTe/VjV0.64","action":"GetUpdates", "result":"DeleteReceived", "context":{"id":"264751e1-d41a-471f-ba85-d74c82141891", "isDeleted:":"true", "version":"1736938022588"}}
{"logTime": "0208/230933", "correlationVector":"yXxA02jk0NVuf5qTe/VjV0.65","action":"GetUpdates", "result":"DeleteReceived", "context":{"id":"e09b1346-1a9d-4eaf-8f54-599f882c500f", "isDeleted:":"true", "version":"1736938922936"}}
{"logTime": "0208/230933", "correlationVector":"yXxA02jk0NVuf5qTe/VjV0.66","action":"GetUpdates", "result":"DeleteReceived", "context":{"id":"22e9d8bf-b817-42ea-8041-4d01479621d3", "isDeleted:":"true", "version":"1736940723850"}}
{"logTime": "0208/230933", "correlationVector":"yXxA02jk0NVuf5qTe/VjV0.67","action":"GetUpdates", "result":"DeleteReceived", "context":{"id":"b4ba8ed3-b3b3-462b-86fe-6bd841b66e53", "isDeleted:":"true", "version":"1736941202456"}}
{"logTime": "0208/230933", "correlationVector":"yXxA02jk0NVuf5qTe/VjV0.68","action":"GetUpdates", "result":"DeleteReceived", "context":{"id":"00f33272-9841-4fc7-bf6d-dcedbf68097b", "isDeleted:":"true", "version":"1736944323577"}}
{"logTime": "0208/230933", "correlationVector":"yXxA02jk0NVuf5qTe/VjV0.69","action":"GetUpdates", "result":"DeleteReceived", "context":{"id":"f5e7b63b-85d6-4892-bc3d-f5e6b1a2485d", "isDeleted:":"true", "version":"1736946123228"}}
{"logTime": "0208/230933", "correlationVector":"yXxA02jk0NVuf5qTe/VjV0.70","action":"GetUpdates", "result":"DeleteReceived", "context":{"id":"19927217-4c2f-48fa-912d-62ec3057034f", "isDeleted:":"true", "version":"1736947922721"}}
{"logTime": "0208/230933", "correlationVector":"yXxA02jk0NVuf5qTe/VjV0.71","action":"GetUpdates", "result":"DeleteReceived", "context":{"id":"38704085-0291-432d-87bf-4887c398dc59", "isDeleted:":"true", "version":"1736949723192"}}
{"logTime": "0208/230933", "correlationVector":"yXxA02jk0NVuf5qTe/VjV0.72","action":"GetUpdates", "result":"DeleteReceived", "context":{"id":"3eef6f21-b393-4fb0-b89f-4a47377c459b", "isDeleted:":"true", "version":"1736949891143"}}
{"logTime": "0208/230933", "correlationVector":"yXxA02jk0NVuf5qTe/VjV0.73","action":"GetUpdates", "result":"DeleteReceived", "context":{"id":"70a469b3-f00b-4c90-8871-cca40930819e", "isDeleted:":"true", "version":"1736949980038"}}
{"logTime": "0208/230933", "correlationVector":"yXxA02jk0NVuf5qTe/VjV0.74","action":"GetUpdates", "result":"DeleteReceived", "context":{"id":"a74d4c0c-7f81-45a2-a074-18e5c0264526", "isDeleted:":"true", "version":"1736955153956"}}
{"logTime": "0208/230933", "correlationVector":"yXxA02jk0NVuf5qTe/VjV0.75","action":"GetUpdates", "result":"DeleteReceived", "context":{"id":"347c0b72-3ce6-47d3-a0e2-171f04091d37", "isDeleted:":"true", "version":"1736955243016"}}
{"logTime": "0208/230933", "correlationVector":"yXxA02jk0NVuf5qTe/VjV0.76","action":"GetUpdates", "result":"DeleteReceived", "context":{"id":"608a8924-2897-4557-8b5b-93dcd19ee971", "isDeleted:":"true", "version":"1736956923502"}}
{"logTime": "0208/230933", "correlationVector":"yXxA02jk0NVuf5qTe/VjV0.77","action":"GetUpdates", "result":"DeleteReceived", "context":{"id":"81bc1ce2-f348-44bc-82b6-0208594db78f", "isDeleted:":"true", "version":"1736958723482"}}
{"logTime": "0208/230933", "correlationVector":"yXxA02jk0NVuf5qTe/VjV0.78","action":"GetUpdates", "result":"DeleteReceived", "context":{"id":"be111cfb-28cc-4d6a-85fc-f495d40ce3aa", "isDeleted:":"true", "version":"1736960523970"}}
{"logTime": "0208/230933", "correlationVector":"yXxA02jk0NVuf5qTe/VjV0.79","action":"GetUpdates", "result":"DeleteReceived", "context":{"id":"b65d27c7-d590-42d7-9441-b449543a601b", "isDeleted:":"true", "version":"1737037453207"}}
{"logTime": "0208/230933", "correlationVector":"yXxA02jk0NVuf5qTe/VjV0.80","action":"GetUpdates", "result":"DeleteReceived", "context":{"id":"58ec8967-b01f-48c2-b1d3-640b25bbb32f", "isDeleted:":"true", "version":"1737037922040"}}
{"logTime": "0208/230933", "correlationVector":"yXxA02jk0NVuf5qTe/VjV0.81","action":"GetUpdates", "result":"DeleteReceived", "context":{"id":"ceff79bf-82a2-46b5-a0e2-9207238ffe68", "isDeleted:":"true", "version":"1737039722603"}}
{"logTime": "0208/230933", "correlationVector":"yXxA02jk0NVuf5qTe/VjV0.82","action":"GetUpdates", "result":"DeleteReceived", "context":{"id":"28bceacf-02c8-4cfe-a366-ee70d76109be", "isDeleted:":"true", "version":"1737040622217"}}
{"logTime": "0208/230933", "correlationVector":"yXxA02jk0NVuf5qTe/VjV0.83","action":"GetUpdates", "result":"DeleteReceived", "context":{"id":"63d3be2b-751c-49fb-951b-80646abfcb15", "isDeleted:":"true", "version":"1737041522656"}}
{"logTime": "0208/230933", "correlationVector":"yXxA02jk0NVuf5qTe/VjV0.84","action":"GetUpdates", "result":"DeleteReceived", "context":{"id":"4a9aae68-7505-46a2-801a-d7ded6c8ef63", "isDeleted:":"true", "version":"1737042002138"}}
{"logTime": "0208/230933", "correlationVector":"yXxA02jk0NVuf5qTe/VjV0.85","action":"GetUpdates", "result":"DeleteReceived", "context":{"id":"6e57cbce-2348-4302-a806-abe088520233", "isDeleted:":"true", "version":"1737043323147"}}
{"logTime": "0208/230933", "correlationVector":"yXxA02jk0NVuf5qTe/VjV0.86","action":"GetUpdates", "result":"DeleteReceived", "context":{"id":"065b22e6-44b2-4d3a-adee-34a58325f7d3", "isDeleted:":"true", "version":"1737045122902"}}
{"logTime": "0208/230933", "correlationVector":"yXxA02jk0NVuf5qTe/VjV0.87","action":"GetUpdates", "result":"DeleteReceived", "context":{"id":"55bd10e2-f9eb-4228-b486-7ea62a233f8d", "isDeleted:":"true", "version":"1737047179063"}}
{"logTime": "0208/230933", "correlationVector":"yXxA02jk0NVuf5qTe/VjV0.88","action":"GetUpdates", "result":"DeleteReceived", "context":{"id":"edf2685d-dd72-4086-b944-5eb123dbcd17", "isDeleted:":"true", "version":"1737086157735"}}
{"logTime": "0208/230933", "correlationVector":"yXxA02jk0NVuf5qTe/VjV0.89","action":"GetUpdates", "result":"DeleteReceived", "context":{"id":"77cccc40-ebed-439b-b5b1-fded1ed7e597", "isDeleted:":"true", "version":"1737086216162"}}
{"logTime": "0208/230933", "correlationVector":"yXxA02jk0NVuf5qTe/VjV0.90","action":"GetUpdates", "result":"DeleteReceived", "context":{"id":"6247ca2b-e360-4ffa-972c-ea6956522812", "isDeleted:":"true", "version":"1737100505488"}}
{"logTime": "0208/230933", "correlationVector":"yXxA02jk0NVuf5qTe/VjV0.91","action":"GetUpdates", "result":"DeleteReceived", "context":{"id":"bf99b108-632a-4ac9-acd1-fc431d3c117f", "isDeleted:":"true", "version":"1737100586207"}}
{"logTime": "0208/230933", "correlationVector":"yXxA02jk0NVuf5qTe/VjV0.92","action":"GetUpdates", "result":"DeleteReceived", "context":{"id":"3924f84b-8aff-4cbe-b36b-7a21994de18c", "isDeleted:":"true", "version":"1737120722255"}}
{"logTime": "0208/230933", "correlationVector":"yXxA02jk0NVuf5qTe/VjV0.93","action":"GetUpdates", "result":"DeleteReceived", "context":{"id":"113866b4-b040-4c4e-98df-ef871dfb6c87", "isDeleted:":"true", "version":"1737124322823"}}
{"logTime": "0208/230933", "correlationVector":"yXxA02jk0NVuf5qTe/VjV0.94","action":"GetUpdates", "result":"DeleteReceived", "context":{"id":"b7fc6ed4-bb17-4568-903c-6d221671e74c", "isDeleted:":"true", "version":"1737126122600"}}
{"logTime": "0208/230933", "correlationVector":"yXxA02jk0NVuf5qTe/VjV0.95","action":"GetUpdates", "result":"DeleteReceived", "context":{"id":"400e9987-b4e1-4e31-8887-2cbd8b7f066e", "isDeleted:":"true", "version":"1737127922569"}}
{"logTime": "0208/230933", "correlationVector":"yXxA02jk0NVuf5qTe/VjV0.96","action":"GetUpdates", "result":"DeleteReceived", "context":{"id":"81bac49f-7611-42f3-aa71-0b93adeee62b", "isDeleted:":"true", "version":"1737129722640"}}
{"logTime": "0208/230933", "correlationVector":"yXxA02jk0NVuf5qTe/VjV0.97","action":"GetUpdates", "result":"DeleteReceived", "context":{"id":"80f4d3ef-f1c2-4d49-befc-c1a47b7fcdc7", "isDeleted:":"true", "version":"1737131522556"}}
{"logTime": "0208/230933", "correlationVector":"yXxA02jk0NVuf5qTe/VjV0.98","action":"GetUpdates", "result":"DeleteReceived", "context":{"id":"47a1363a-325b-4119-961a-d01bdbd68cbd", "isDeleted:":"true", "version":"1737133322784"}}
{"logTime": "0208/230933", "correlationVector":"yXxA02jk0NVuf5qTe/VjV0.99","action":"GetUpdates", "result":"DeleteReceived", "context":{"id":"82f4c687-ad15-4cb0-aed0-fd7131cb31f6", "isDeleted:":"true", "version":"1737135122712"}}
{"logTime": "0208/230933", "correlationVector":"yXxA02jk0NVuf5qTe/VjV0.100","action":"GetUpdates", "result":"DeleteReceived", "context":{"id":"d99e12f7-4e71-4019-9710-ffcd462a2db8", "isDeleted:":"true", "version":"1737136922334"}}
{"logTime": "0208/230933", "correlationVector":"yXxA02jk0NVuf5qTe/VjV0.101","action":"GetUpdates", "result":"DeleteReceived", "context":{"id":"58b18ec4-2c03-4471-9269-510b7f3d150f", "isDeleted:":"true", "version":"1737138002457"}}
{"logTime": "0208/230933", "correlationVector":"yXxA02jk0NVuf5qTe/VjV0.102","action":"GetUpdates", "result":"DeleteReceived", "context":{"id":"10c64550-bab7-4a01-9ef7-0f795c463a7a", "isDeleted:":"true", "version":"1737138906744"}}
{"logTime": "0208/230933", "correlationVector":"yXxA02jk0NVuf5qTe/VjV0.103","action":"GetUpdates", "result":"DeleteReceived", "context":{"id":"7acf8c29-07c3-4e97-94fd-ed403bfa27fd", "isDeleted:":"true", "version":"1737171598906"}}
{"logTime": "0208/230933", "correlationVector":"yXxA02jk0NVuf5qTe/VjV0.104","action":"GetUpdates", "result":"DeleteReceived", "context":{"id":"09e64d2b-27fa-4082-9aa6-6871e53cc82e", "isDeleted:":"true", "version":"1737171658080"}}
{"logTime": "0208/230933", "correlationVector":"yXxA02jk0NVuf5qTe/VjV0.105","action":"GetUpdates", "result":"DeleteReceived", "context":{"id":"af1e7b6b-4de7-4c7e-b111-2e229c8bd347", "isDeleted:":"true", "version":"1737203050317"}}
{"logTime": "0208/230933", "correlationVector":"yXxA02jk0NVuf5qTe/VjV0.106","action":"GetUpdates", "result":"DeleteReceived", "context":{"id":"11c62579-8593-44af-9d96-bd0b1c1176fb", "isDeleted:":"true", "version":"1737224407514"}}
{"logTime": "0208/230933", "correlationVector":"yXxA02jk0NVuf5qTe/VjV0.107","action":"GetUpdates", "result":"DeleteReceived", "context":{"id":"0f396600-d694-461c-8bd1-c24950bccd79", "isDeleted:":"true", "version":"1737260763565"}}
{"logTime": "0208/230933", "correlationVector":"yXxA02jk0NVuf5qTe/VjV0.108","action":"GetUpdates", "result":"DeleteReceived", "context":{"id":"836b4ef0-57e9-43cf-825d-e9cdf0c65910", "isDeleted:":"true", "version":"1737261000500"}}
{"logTime": "0208/230933", "correlationVector":"yXxA02jk0NVuf5qTe/VjV0.109","action":"GetUpdates", "result":"DeleteReceived", "context":{"id":"1f5ae2b4-8924-4533-b1e8-45b0a4306fc4", "isDeleted:":"true", "version":"1737261120482"}}
{"logTime": "0208/230933", "correlationVector":"yXxA02jk0NVuf5qTe/VjV0.110","action":"GetUpdates", "result":"DeleteReceived", "context":{"id":"a52d7410-08f3-4f1d-96a9-c59389f6a4d7", "isDeleted:":"true", "version":"1737262921294"}}
{"logTime": "0208/230933", "correlationVector":"yXxA02jk0NVuf5qTe/VjV0.111","action":"GetUpdates", "result":"DeleteReceived", "context":{"id":"3c46180d-bb5c-43c3-881e-206e493f984a", "isDeleted:":"true", "version":"1737263535903"}}
{"logTime": "0208/230933", "correlationVector":"yXxA02jk0NVuf5qTe/VjV0.112","action":"GetUpdates", "result":"DeleteReceived", "context":{"id":"e1927737-2063-4c6d-b586-cdeeae0a1bdc", "isDeleted:":"true", "version":"1737264781231"}}
{"logTime": "0208/230933", "correlationVector":"yXxA02jk0NVuf5qTe/VjV0.113","action":"GetUpdates", "result":"DeleteReceived", "context":{"id":"3f2dd580-645e-41e7-8b94-9e86e51d5993", "isDeleted:":"true", "version":"1737266461247"}}
{"logTime": "0208/230933", "correlationVector":"yXxA02jk0NVuf5qTe/VjV0.114","action":"GetUpdates", "result":"DeleteReceived", "context":{"id":"0ebd3c4a-becd-4e29-9c48-f372beed1c59", "isDeleted:":"true", "version":"1737303791119"}}
{"logTime": "0208/230933", "correlationVector":"yXxA02jk0NVuf5qTe/VjV0.115","action":"GetUpdates", "result":"DeleteReceived", "context":{"id":"1ed12fca-8529-421f-bb60-cb6a83653ae2", "isDeleted:":"true", "version":"1737386972199"}}
{"logTime": "0208/230933", "correlationVector":"yXxA02jk0NVuf5qTe/VjV0.116","action":"GetUpdates", "result":"DeleteReceived", "context":{"id":"7a0b2b9c-89ca-40b7-a296-835a808c38b3", "isDeleted:":"true", "version":"1737387060204"}}
{"logTime": "0208/230933", "correlationVector":"yXxA02jk0NVuf5qTe/VjV0.117","action":"GetUpdates", "result":"DeleteReceived", "context":{"id":"52b522b3-7134-4e4e-9971-f776b68b1a76", "isDeleted:":"true", "version":"1737388921243"}}
{"logTime": "0208/230933", "correlationVector":"yXxA02jk0NVuf5qTe/VjV0.118","action":"GetUpdates", "result":"DeleteReceived", "context":{"id":"6d62f0df-a55c-40bb-bfc5-c7d0e424cef8", "isDeleted:":"true", "version":"1737390720917"}}
{"logTime": "0208/230933", "correlationVector":"yXxA02jk0NVuf5qTe/VjV0.119","action":"GetUpdates", "result":"DeleteReceived", "context":{"id":"52ba73f3-f2ad-43b3-a56f-51fdf65c4089", "isDeleted:":"true", "version":"1737392520960"}}
{"logTime": "0208/230933", "correlationVector":"yXxA02jk0NVuf5qTe/VjV0.120","action":"GetUpdates", "result":"DeleteReceived", "context":{"id":"f404f927-4e9e-46a6-af67-b36cd8b31132", "isDeleted:":"true", "version":"1737394320982"}}
{"logTime": "0208/230933", "correlationVector":"yXxA02jk0NVuf5qTe/VjV0.121","action":"GetUpdates", "result":"DeleteReceived", "context":{"id":"b1eefb27-2515-4819-a8d5-05e9117fabbb", "isDeleted:":"true", "version":"1737396121076"}}
{"logTime": "0208/230933", "correlationVector":"yXxA02jk0NVuf5qTe/VjV0.122","action":"GetUpdates", "result":"DeleteReceived", "context":{"id":"d8e57af2-1748-4219-9f7e-5997fcd1944f", "isDeleted:":"true", "version":"1737397921021"}}
{"logTime": "0208/230933", "correlationVector":"yXxA02jk0NVuf5qTe/VjV0.123","action":"GetUpdates", "result":"DeleteReceived", "context":{"id":"1f03611d-43c2-4f61-ac1a-5cdb2454380f", "isDeleted:":"true", "version":"1737432371948"}}
{"logTime": "0208/230933", "correlationVector":"yXxA02jk0NVuf5qTe/VjV0.124","action":"GetUpdates", "result":"DeleteReceived", "context":{"id":"1a2287ea-feab-4649-aeef-d8e690d389af", "isDeleted:":"true", "version":"1737433921639"}}
{"logTime": "0208/230933", "correlationVector":"yXxA02jk0NVuf5qTe/VjV0.125","action":"GetUpdates", "result":"DeleteReceived", "context":{"id":"81afd0ad-9cb3-4d26-8b74-66e409ba3909", "isDeleted:":"true", "version":"1737434461093"}}
{"logTime": "0208/230933", "correlationVector":"yXxA02jk0NVuf5qTe/VjV0.126","action":"GetUpdates", "result":"DeleteReceived", "context":{"id":"0db1a01e-0ded-4cca-8493-f2a3aa7e60d6", "isDeleted:":"true", "version":"1737435721170"}}
{"logTime": "0208/230933", "correlationVector":"yXxA02jk0NVuf5qTe/VjV0.127","action":"GetUpdates", "result":"DeleteReceived", "context":{"id":"c1823ac7-4ed2-4539-ac3f-3e824c5b5e06", "isDeleted:":"true", "version":"1737437521826"}}
{"logTime": "0208/230933", "correlationVector":"yXxA02jk0NVuf5qTe/VjV0.128","action":"GetUpdates", "result":"DeleteReceived", "context":{"id":"058b5f2e-7259-4930-9648-105d2c58335a", "isDeleted:":"true", "version":"1737439321921"}}
{"logTime": "0208/230933", "correlationVector":"yXxA02jk0NVuf5qTe/VjV0.129","action":"GetUpdates", "result":"DeleteReceived", "context":{"id":"8eb2e885-5d16-4312-abe3-22a4464f1de4", "isDeleted:":"true", "version":"1737441121870"}}
{"logTime": "0208/230933", "correlationVector":"yXxA02jk0NVuf5qTe/VjV0.130","action":"GetUpdates", "result":"DeleteReceived", "context":{"id":"1e8b0044-9abc-4b4d-8bae-dd3583e73f4e", "isDeleted:":"true", "version":"1737442921955"}}
{"logTime": "0208/230933", "correlationVector":"yXxA02jk0NVuf5qTe/VjV0.131","action":"GetUpdates", "result":"DeleteReceived", "context":{"id":"33182fb0-4cb1-45d7-9f84-d429c901a943", "isDeleted:":"true", "version":"1737444241765"}}
{"logTime": "0208/230933", "correlationVector":"yXxA02jk0NVuf5qTe/VjV0.132","action":"GetUpdates", "result":"DeleteReceived", "context":{"id":"199018fa-5f68-4638-a5ad-8d53619b2fba", "isDeleted:":"true", "version":"1737446522014"}}
{"logTime": "0208/230933", "correlationVector":"yXxA02jk0NVuf5qTe/VjV0.133","action":"GetUpdates", "result":"DeleteReceived", "context":{"id":"9c9fd5ba-c88a-426f-813f-8a6572bbaf25", "isDeleted:":"true", "version":"1737446881310"}}
{"logTime": "0208/230933", "correlationVector":"yXxA02jk0NVuf5qTe/VjV0.134","action":"GetUpdates", "result":"DeleteReceived", "context":{"id":"e3a7d22a-c99f-444a-b52b-ddae6124f2c8", "isDeleted:":"true", "version":"1737447361439"}}
{"logTime": "0208/230933", "correlationVector":"yXxA02jk0NVuf5qTe/VjV0.135","action":"GetUpdates", "result":"DeleteReceived", "context":{"id":"41213293-7c34-4420-8fdc-eda1ad17bfe0", "isDeleted:":"true", "version":"1737447661501"}}
{"logTime": "0208/230933", "correlationVector":"yXxA02jk0NVuf5qTe/VjV0.136","action":"GetUpdates", "result":"DeleteReceived", "context":{"id":"d7ae2790-fe30-47b5-9820-eedcbbd7f1dc", "isDeleted:":"true", "version":"1737448321390"}}
{"logTime": "0208/230933", "correlationVector":"yXxA02jk0NVuf5qTe/VjV0.137","action":"GetUpdates", "result":"DeleteReceived", "context":{"id":"dd718588-8071-41d5-acb7-be395213f080", "isDeleted:":"true", "version":"1737451922539"}}
{"logTime": "0208/230933", "correlationVector":"yXxA02jk0NVuf5qTe/VjV0.138","action":"GetUpdates", "result":"DeleteReceived", "context":{"id":"276cfca9-b4e4-41db-85fc-6bd01c89423a", "isDeleted:":"true", "version":"1737453722033"}}
{"logTime": "0208/230933", "correlationVector":"yXxA02jk0NVuf5qTe/VjV0.139","action":"GetUpdates", "result":"DeleteReceived", "context":{"id":"cae5943f-c271-40ba-b9bf-2b996ab53e25", "isDeleted:":"true", "version":"1737454032755"}}
{"logTime": "0208/230933", "correlationVector":"yXxA02jk0NVuf5qTe/VjV0.140","action":"GetUpdates", "result":"DeleteReceived", "context":{"id":"f1a7b3d1-3e25-46d9-a567-611cc23eb127", "isDeleted:":"true", "version":"1737458004050"}}
{"logTime": "0208/230933", "correlationVector":"yXxA02jk0NVuf5qTe/VjV0.141","action":"GetUpdates", "result":"DeleteReceived", "context":{"id":"dcd6dd1d-1b8f-4dec-a1ee-53d9330553cf", "isDeleted:":"true", "version":"1737467220705"}}
{"logTime": "0208/230933", "correlationVector":"yXxA02jk0NVuf5qTe/VjV0.142","action":"GetUpdates", "result":"DeleteReceived", "context":{"id":"c156aeb0-c62c-48f4-a9ef-5ad5b59fe417", "isDeleted:":"true", "version":"1737484749986"}}
{"logTime": "0208/230933", "correlationVector":"yXxA02jk0NVuf5qTe/VjV0.143","action":"GetUpdates", "result":"DeleteReceived", "context":{"id":"8d2b1c47-2443-4655-ab68-248a11b796c7", "isDeleted:":"true", "version":"1737486122518"}}
{"logTime": "0208/230933", "correlationVector":"yXxA02jk0NVuf5qTe/VjV0.144","action":"GetUpdates", "result":"DeleteReceived", "context":{"id":"b07d97f2-ebee-4fa2-aca0-76d3027eb8e3", "isDeleted:":"true", "version":"1737487922666"}}
{"logTime": "0208/230933", "correlationVector":"yXxA02jk0NVuf5qTe/VjV0.145","action":"GetUpdates", "result":"DeleteReceived", "context":{"id":"9a2e58d9-c27a-4e1d-b33e-bbdc69c6e3fc", "isDeleted:":"true", "version":"1737519939992"}}
{"logTime": "0208/230933", "correlationVector":"yXxA02jk0NVuf5qTe/VjV0.146","action":"GetUpdates", "result":"DeleteReceived", "context":{"id":"486e0f37-fc71-440e-a855-0878e8aee504", "isDeleted:":"true", "version":"1737520028580"}}
{"logTime": "0208/230933", "correlationVector":"yXxA02jk0NVuf5qTe/VjV0.147","action":"GetUpdates", "result":"DeleteReceived", "context":{"id":"1f44f06b-477b-4789-8d58-d08224cb3dfd", "isDeleted:":"true", "version":"1737538322534"}}
{"logTime": "0208/230933", "correlationVector":"yXxA02jk0NVuf5qTe/VjV0.148","action":"GetUpdates", "result":"DeleteReceived", "context":{"id":"131f55fa-6dcd-4739-a910-8a5820cea399", "isDeleted:":"true", "version":"1737539882516"}}
{"logTime": "0208/230933", "correlationVector":"yXxA02jk0NVuf5qTe/VjV0.149","action":"GetUpdates", "result":"DeleteReceived", "context":{"id":"ce7e6bae-9c53-4ab5-a64e-772a8747411b", "isDeleted:":"true", "version":"1737540122281"}}
{"logTime": "0208/230933", "correlationVector":"yXxA02jk0NVuf5qTe/VjV0.150","action":"GetUpdates", "result":"DeleteReceived", "context":{"id":"47055254-0f03-4cf8-8421-3e63aa2c56cf", "isDeleted:":"true", "version":"1737541922733"}}
{"logTime": "0208/230933", "correlationVector":"yXxA02jk0NVuf5qTe/VjV0.151","action":"GetUpdates", "result":"DeleteReceived", "context":{"id":"c4fb7c67-f3d9-4693-9f68-89ea9de13450", "isDeleted:":"true", "version":"1737543722704"}}
{"logTime": "0208/230933", "correlationVector":"yXxA02jk0NVuf5qTe/VjV0.152","action":"GetUpdates", "result":"DeleteReceived", "context":{"id":"0fe57b6d-b362-4c19-a043-88324e22adb3", "isDeleted:":"true", "version":"1737544502151"}}
{"logTime": "0208/230933", "correlationVector":"yXxA02jk0NVuf5qTe/VjV0.153","action":"GetUpdates", "result":"DeleteReceived", "context":{"id":"29b4e2b5-4df2-44f5-9b22-6cdbce90c751", "isDeleted:":"true", "version":"1737545522497"}}
{"logTime": "0208/230933", "correlationVector":"yXxA02jk0NVuf5qTe/VjV0.154","action":"GetUpdates", "result":"DeleteReceived", "context":{"id":"36653e4d-c10a-45c5-8310-12298fdff0e9", "isDeleted:":"true", "version":"1737546782598"}}
{"logTime": "0208/230933", "correlationVector":"yXxA02jk0NVuf5qTe/VjV0.155","action":"GetUpdates", "result":"DeleteReceived", "context":{"id":"16f34611-3659-4daa-986b-0dd7a6c84422", "isDeleted:":"true", "version":"1737547322643"}}
{"logTime": "0208/230933", "correlationVector":"yXxA02jk0NVuf5qTe/VjV0.156","action":"GetUpdates", "result":"DeleteReceived", "context":{"id":"9f1d62f4-d2fc-456a-a8fa-1b3c052e5e14", "isDeleted:":"true", "version":"1737549122517"}}
{"logTime": "0208/230933", "correlationVector":"yXxA02jk0NVuf5qTe/VjV0.157","action":"GetUpdates", "result":"DeleteReceived", "context":{"id":"a425ae10-c74a-4f8a-9391-bec288f4e906", "isDeleted:":"true", "version":"1737550922964"}}
{"logTime": "0208/230933", "correlationVector":"yXxA02jk0NVuf5qTe/VjV0.158","action":"GetUpdates", "result":"DeleteReceived", "context":{"id":"fb6e1ff0-c1b6-443c-99d3-324893cd81b9", "isDeleted:":"true", "version":"1737551162187"}}
{"logTime": "0208/230933", "correlationVector":"yXxA02jk0NVuf5qTe/VjV0.159","action":"GetUpdates", "result":"DeleteReceived", "context":{"id":"dd67a9d5-0d5f-4590-bf8f-278ace9a1bee", "isDeleted:":"true", "version":"1737552722822"}}
{"logTime": "0208/230933", "correlationVector":"yXxA02jk0NVuf5qTe/VjV0.160","action":"GetUpdates", "result":"DeleteReceived", "context":{"id":"f5a2b443-f669-4571-8eaf-df31082a6913", "isDeleted:":"true", "version":"1737554522907"}}
{"logTime": "0208/230933", "correlationVector":"yXxA02jk0NVuf5qTe/VjV0.161","action":"GetUpdates", "result":"DeleteReceived", "context":{"id":"50f25990-8d32-4ec3-94d3-16ffecda8c98", "isDeleted:":"true", "version":"1737555962753"}}
{"logTime": "0208/230933", "correlationVector":"yXxA02jk0NVuf5qTe/VjV0.162","action":"GetUpdates", "result":"DeleteReceived", "context":{"id":"0e30c3c3-8c24-411f-8791-b74b46f34b36", "isDeleted:":"true", "version":"1737556332311"}}
{"logTime": "0208/230933", "correlationVector":"yXxA02jk0NVuf5qTe/VjV0.163","action":"GetUpdates", "result":"DeleteReceived", "context":{"id":"346483e6-277f-474d-b4e8-d82101fd3ead", "isDeleted:":"true", "version":"1737558123015"}}
{"logTime": "0208/230933", "correlationVector":"yXxA02jk0NVuf5qTe/VjV0.164","action":"GetUpdates", "result":"DeleteReceived", "context":{"id":"e76892e9-a42d-4c54-8224-5c709762f84c", "isDeleted:":"true", "version":"1737559922741"}}
{"logTime": "0208/230933", "correlationVector":"yXxA02jk0NVuf5qTe/VjV0.165","action":"GetUpdates", "result":"DeleteReceived", "context":{"id":"1bb5c475-2d6c-4099-9485-d0f01cbf40e1", "isDeleted:":"true", "version":"1737563523410"}}
{"logTime": "0208/230933", "correlationVector":"yXxA02jk0NVuf5qTe/VjV0.166","action":"GetUpdates", "result":"DeleteReceived", "context":{"id":"46a09fdb-f0bd-42f3-9f49-b4f72c09cbcc", "isDeleted:":"true", "version":"1737565323193"}}
{"logTime": "0208/230933", "correlationVector":"yXxA02jk0NVuf5qTe/VjV0.167","action":"GetUpdates", "result":"DeleteReceived", "context":{"id":"1c991cee-970f-453d-9b1c-faf964e0a05e", "isDeleted:":"true", "version":"1737645758504"}}
{"logTime": "0208/230933", "correlationVector":"yXxA02jk0NVuf5qTe/VjV0.168","action":"GetUpdates", "result":"DeleteReceived", "context":{"id":"00f4e594-09d7-4a14-a876-76ed0ea7b143", "isDeleted:":"true", "version":"1737645847248"}}
{"logTime": "0208/230933", "correlationVector":"yXxA02jk0NVuf5qTe/VjV0.169","action":"GetUpdates", "result":"DeleteReceived", "context":{"id":"6af6fb99-b685-4a3c-9267-ae07a8009b7d", "isDeleted:":"true", "version":"1737649715570"}}
{"logTime": "0208/230933", "correlationVector":"yXxA02jk0NVuf5qTe/VjV0.170","action":"GetUpdates", "result":"DeleteReceived", "context":{"id":"98b5ded0-5dd9-445c-be72-0c63fd6eba2c", "isDeleted:":"true", "version":"1737649804289"}}
{"logTime": "0208/230933", "correlationVector":"yXxA02jk0NVuf5qTe/VjV0.171","action":"GetUpdates", "result":"DeleteReceived", "context":{"id":"62a95b28-1d11-47cd-9b0e-022fd9d07758", "isDeleted:":"true", "version":"1737655326489"}}
{"logTime": "0208/230933", "correlationVector":"yXxA02jk0NVuf5qTe/VjV0.172","action":"GetUpdates", "result":"DeleteReceived", "context":{"id":"d5ea70cf-b4d1-4243-a3e9-1cf13fcd9795", "isDeleted:":"true", "version":"1737656462318"}}
{"logTime": "0208/230933", "correlationVector":"yXxA02jk0NVuf5qTe/VjV0.173","action":"GetUpdates", "result":"DeleteReceived", "context":{"id":"67e54742-5fba-4d7d-ab0e-b91417e9a23a", "isDeleted:":"true", "version":"1737692714162"}}
{"logTime": "0208/230933", "correlationVector":"yXxA02jk0NVuf5qTe/VjV0.174","action":"GetUpdates", "result":"DeleteReceived", "context":{"id":"7671d8fe-a25a-4c5a-9d2b-7eaef0529510", "isDeleted:":"true", "version":"1737693121017"}}
{"logTime": "0208/230933", "correlationVector":"yXxA02jk0NVuf5qTe/VjV0.175","action":"GetUpdates", "result":"DeleteReceived", "context":{"id":"9a6ee978-c0a6-4768-8e93-c45ae8611c0b", "isDeleted:":"true", "version":"1737694080955"}}
{"logTime": "0208/230933", "correlationVector":"yXxA02jk0NVuf5qTe/VjV0.176","action":"GetUpdates", "result":"DeleteReceived", "context":{"id":"55ba447a-c94e-4fec-ad28-e88175ccafbe", "isDeleted:":"true", "version":"1737694921775"}}
{"logTime": "0208/230933", "correlationVector":"yXxA02jk0NVuf5qTe/VjV0.177","action":"GetUpdates Response", "result":"Success", "context":Received 250 update(s). cV=yXxA02jk0NVuf5qTe/VjV0.0;server=akswtt00900000o;cloudType=Consumer;environment=Prod_southindia_prod-s01-004-apac-southindia;migrationStage=NotStarted Some updates remain.}
{"logTime": "0208/230933", "correlationVector":"v0TPhpobVknuzUvV7wZid3","action":"Initial GetUpdates", "result":"", "context":Reason: NEWLY_SUPPORTED_DATATYPE. cV=v0TPhpobVknuzUvV7wZid3}
{"logTime": "0208/230934", "correlationVector":"v0TPhpobVknuzUvV7wZid3.1","action":"SyncServerConnectionManagerRequest", "result":"SYNC_SERVER_OK", "context":{"environment":"Prod_southindia_prod-s01-004-apac-southindia", "migrationStage":"NotStarted", "server":"akswtt00900001p"}}
{"logTime": "0208/230934", "correlationVector":"v0TPhpobVknuzUvV7wZid3.2","action":"GetUpdates", "result":"DeleteReceived", "context":{"id":"29cfba22-54e4-46b2-9d1a-730573ee7ecf", "isDeleted:":"true", "version":"1738125801762"}}
{"logTime": "0208/230934", "correlationVector":"v0TPhpobVknuzUvV7wZid3.3","action":"GetUpdates", "result":"DeleteReceived", "context":{"id":"620678e0-3038-462d-9d94-421c1d481366", "isDeleted:":"true", "version":"1738430211050"}}
{"logTime": "0208/230934", "correlationVector":"v0TPhpobVknuzUvV7wZid3.4","action":"GetUpdates", "result":"DeleteReceived", "context":{"id":"66744476-9d00-4116-b884-b23dbd2b2c8a", "isDeleted:":"true", "version":"1739055989446"}}
{"logTime": "0208/230934", "correlationVector":"v0TPhpobVknuzUvV7wZid3.5","action":"GetUpdates", "result":"DeleteReceived", "context":{"id":"56e70427-ad71-42cd-9f17-ff643f5204a7", "isDeleted:":"true", "version":"1737696732290"}}
{"logTime": "0208/230934", "correlationVector":"v0TPhpobVknuzUvV7wZid3.6","action":"GetUpdates", "result":"DeleteReceived", "context":{"id":"3bf55587-754a-4ffa-9a8e-5afa4abb94b6", "isDeleted:":"true", "version":"1737700322111"}}
{"logTime": "0208/230934", "correlationVector":"v0TPhpobVknuzUvV7wZid3.7","action":"GetUpdates", "result":"DeleteReceived", "context":{"id":"c6b08adf-d1c9-45b4-a58a-268203abb111", "isDeleted:":"true", "version":"1737702121878"}}
{"logTime": "0208/230934", "correlationVector":"v0TPhpobVknuzUvV7wZid3.8","action":"GetUpdates", "result":"DeleteReceived", "context":{"id":"ccea81d4-f089-48c8-adf3-498d90d076af", "isDeleted:":"true", "version":"1737705722339"}}
{"logTime": "0208/230934", "correlationVector":"v0TPhpobVknuzUvV7wZid3.9","action":"GetUpdates", "result":"DeleteReceived", "context":{"id":"9657fdcf-587d-46ce-9247-5691e47ff8cc", "isDeleted:":"true", "version":"1737706381420"}}
{"logTime": "0208/230934", "correlationVector":"v0TPhpobVknuzUvV7wZid3.10","action":"GetUpdates", "result":"DeleteReceived", "context":{"id":"1b1e8470-1209-4d40-9528-543a06f45c99", "isDeleted:":"true", "version":"1737707221757"}}
{"logTime": "0208/230934", "correlationVector":"v0TPhpobVknuzUvV7wZid3.11","action":"GetUpdates", "result":"DeleteReceived", "context":{"id":"9c1733dc-721a-4367-9d42-a91f2e4a27da", "isDeleted:":"true", "version":"1737707521294"}}
{"logTime": "0208/230934", "correlationVector":"v0TPhpobVknuzUvV7wZid3.12","action":"GetUpdates", "result":"DeleteReceived", "context":{"id":"a8ee0c87-adb1-402f-8aed-33e4b3ad6472", "isDeleted:":"true", "version":"1737711122516"}}
{"logTime": "0208/230934", "correlationVector":"v0TPhpobVknuzUvV7wZid3.13","action":"GetUpdates", "result":"DeleteReceived", "context":{"id":"61b8165e-d73f-4d10-9f55-eff8d9cc6782", "isDeleted:":"true", "version":"1737712922107"}}
{"logTime": "0208/230934", "correlationVector":"v0TPhpobVknuzUvV7wZid3.14","action":"GetUpdates", "result":"DeleteReceived", "context":{"id":"7c403035-9854-4081-a855-ad208cf00b36", "isDeleted:":"true", "version":"1737716522593"}}
{"logTime": "0208/230934", "correlationVector":"v0TPhpobVknuzUvV7wZid3.15","action":"GetUpdates", "result":"DeleteReceived", "context":{"id":"64869ff7-4c9b-492f-b19b-c9965f1da118", "isDeleted:":"true", "version":"1737718322270"}}
{"logTime": "0208/230934", "correlationVector":"v0TPhpobVknuzUvV7wZid3.16","action":"GetUpdates", "result":"DeleteReceived", "context":{"id":"d767d6bf-85bf-43bb-9003-8b1cf4f9cd59", "isDeleted:":"true", "version":"1737723724001"}}
{"logTime": "0208/230934", "correlationVector":"v0TPhpobVknuzUvV7wZid3.17","action":"GetUpdates", "result":"DeleteReceived", "context":{"id":"8e8edbe2-572a-4e24-9038-bce09753d6bc", "isDeleted:":"true", "version":"1737727322975"}}
{"logTime": "0208/230934", "correlationVector":"v0TPhpobVknuzUvV7wZid3.18","action":"GetUpdates", "result":"DeleteReceived", "context":{"id":"ae0068a0-ae06-44f0-98a1-027530a71904", "isDeleted:":"true", "version":"1737738125140"}}
{"logTime": "0208/230934", "correlationVector":"v0TPhpobVknuzUvV7wZid3.19","action":"GetUpdates", "result":"DeleteReceived", "context":{"id":"9cc5faa1-c506-4e8c-8ccb-41af0861e649", "isDeleted:":"true", "version":"1737743523884"}}
{"logTime": "0208/230934", "correlationVector":"v0TPhpobVknuzUvV7wZid3.20","action":"GetUpdates", "result":"DeleteReceived", "context":{"id":"ef1df7ab-c76e-4925-a9a7-8e8b3cbd2f9d", "isDeleted:":"true", "version":"1737745322814"}}
{"logTime": "0208/230934", "correlationVector":"v0TPhpobVknuzUvV7wZid3.21","action":"GetUpdates", "result":"DeleteReceived", "context":{"id":"722acb20-c825-4c7d-83e6-9b5d5c8767c8", "isDeleted:":"true", "version":"1737866452744"}}
{"logTime": "0208/230934", "correlationVector":"v0TPhpobVknuzUvV7wZid3.22","action":"GetUpdates", "result":"DeleteReceived", "context":{"id":"87acde50-0f55-4222-86e4-fdee1b78f39f", "isDeleted:":"true", "version":"1737866541190"}}
{"logTime": "0208/230934", "correlationVector":"v0TPhpobVknuzUvV7wZid3.23","action":"GetUpdates", "result":"DeleteReceived", "context":{"id":"fe4d857d-7be0-4d90-ad0f-493114aaa2d2", "isDeleted:":"true", "version":"1737866661135"}}
{"logTime": "0208/230934", "correlationVector":"v0TPhpobVknuzUvV7wZid3.24","action":"GetUpdates", "result":"DeleteReceived", "context":{"id":"2430b628-07b2-4193-964d-733e7c1ea931", "isDeleted:":"true", "version":"1737883026810"}}
{"logTime": "0208/230934", "correlationVector":"v0TPhpobVknuzUvV7wZid3.25","action":"GetUpdates", "result":"DeleteReceived", "context":{"id":"7ef31f8b-ace2-4cd0-8aba-b552dd4ef961", "isDeleted:":"true", "version":"1737883322140"}}
{"logTime": "0208/230934", "correlationVector":"v0TPhpobVknuzUvV7wZid3.26","action":"GetUpdates", "result":"DeleteReceived", "context":{"id":"03dffe1f-c1a2-42bf-a0dc-e4780d2e44e2", "isDeleted:":"true", "version":"1737992198527"}}
{"logTime": "0208/230934", "correlationVector":"v0TPhpobVknuzUvV7wZid3.27","action":"GetUpdates", "result":"DeleteReceived", "context":{"id":"4954fb99-9d9d-47a3-b2ac-c54af64142b7", "isDeleted:":"true", "version":"1737992341524"}}
{"logTime": "0208/230934", "correlationVector":"v0TPhpobVknuzUvV7wZid3.28","action":"GetUpdates", "result":"DeleteReceived", "context":{"id":"2424c574-45d9-475a-8b59-0c6f0e275dce", "isDeleted:":"true", "version":"1738039317378"}}
{"logTime": "0208/230934", "correlationVector":"v0TPhpobVknuzUvV7wZid3.29","action":"GetUpdates", "result":"DeleteReceived", "context":{"id":"61bf7edb-147c-4efe-8fb1-2c8ef6660076", "isDeleted:":"true", "version":"1738039467623"}}
{"logTime": "0208/230934", "correlationVector":"v0TPhpobVknuzUvV7wZid3.30","action":"GetUpdates", "result":"DeleteReceived", "context":{"id":"2c972625-406f-43de-a6aa-216d72cc06a5", "isDeleted:":"true", "version":"1738040522214"}}
{"logTime": "0208/230934", "correlationVector":"v0TPhpobVknuzUvV7wZid3.31","action":"GetUpdates", "result":"DeleteReceived", "context":{"id":"e62719e1-3f26-47e0-91e3-a0cf2eb9e87a", "isDeleted:":"true", "version":"1738044123094"}}
{"logTime": "0208/230934", "correlationVector":"v0TPhpobVknuzUvV7wZid3.32","action":"GetUpdates", "result":"DeleteReceived", "context":{"id":"c06b0164-31a3-4783-b444-820fb1593ae3", "isDeleted:":"true", "version":"1738045922516"}}
{"logTime": "0208/230934", "correlationVector":"v0TPhpobVknuzUvV7wZid3.33","action":"GetUpdates", "result":"DeleteReceived", "context":{"id":"d157b36a-ceee-4623-bcfc-70dce02496a1", "isDeleted:":"true", "version":"1738047722548"}}
{"logTime": "0208/230934", "correlationVector":"v0TPhpobVknuzUvV7wZid3.34","action":"GetUpdates", "result":"DeleteReceived", "context":{"id":"3f7ad279-5f8a-4427-bff3-fbf05873455f", "isDeleted:":"true", "version":"1738049457010"}}
{"logTime": "0208/230934", "correlationVector":"v0TPhpobVknuzUvV7wZid3.35","action":"GetUpdates", "result":"DeleteReceived", "context":{"id":"eaf390e1-7672-4c4a-82c4-c806ee1cd91a", "isDeleted:":"true", "version":"1738058284601"}}
{"logTime": "0208/230934", "correlationVector":"v0TPhpobVknuzUvV7wZid3.36","action":"GetUpdates", "result":"DeleteReceived", "context":{"id":"3c097102-20e4-42f8-b1cc-fb58db7cc027", "isDeleted:":"true", "version":"1738059542635"}}
{"logTime": "0208/230934", "correlationVector":"v0TPhpobVknuzUvV7wZid3.37","action":"GetUpdates", "result":"DeleteReceived", "context":{"id":"156a9e27-0f51-4635-8280-683822fb501d", "isDeleted:":"true", "version":"1738064403626"}}
{"logTime": "0208/230934", "correlationVector":"v0TPhpobVknuzUvV7wZid3.38","action":"GetUpdates", "result":"DeleteReceived", "context":{"id":"d8185de1-1a69-44b0-89d6-f4afbf1cfde7", "isDeleted:":"true", "version":"1738066027755"}}
{"logTime": "0208/230934", "correlationVector":"v0TPhpobVknuzUvV7wZid3.39","action":"GetUpdates", "result":"DeleteReceived", "context":{"id":"f25fc1fa-e300-4105-b39f-87e35d830f8d", "isDeleted:":"true", "version":"1738066623070"}}
{"logTime": "0208/230934", "correlationVector":"v0TPhpobVknuzUvV7wZid3.40","action":"GetUpdates", "result":"DeleteReceived", "context":{"id":"146c8975-473f-41b8-9b62-646d12a6b0b1", "isDeleted:":"true", "version":"1738066922957"}}
{"logTime": "0208/230934", "correlationVector":"v0TPhpobVknuzUvV7wZid3.41","action":"GetUpdates", "result":"DeleteReceived", "context":{"id":"3fae5c1f-67bb-4731-a682-36f23452213f", "isDeleted:":"true", "version":"1738068363073"}}
{"logTime": "0208/230934", "correlationVector":"v0TPhpobVknuzUvV7wZid3.42","action":"GetUpdates", "result":"DeleteReceived", "context":{"id":"220efa1a-0206-417b-874e-1b05cf2db189", "isDeleted:":"true", "version":"1738069562794"}}
{"logTime": "0208/230934", "correlationVector":"v0TPhpobVknuzUvV7wZid3.43","action":"GetUpdates", "result":"DeleteReceived", "context":{"id":"b40b2b5e-1df7-40ec-8e9a-e67fb92e0a08", "isDeleted:":"true", "version":"1738070763184"}}
{"logTime": "0208/230934", "correlationVector":"v0TPhpobVknuzUvV7wZid3.44","action":"GetUpdates", "result":"DeleteReceived", "context":{"id":"5c8e7667-d9c8-4700-a34f-5a8eba003452", "isDeleted:":"true", "version":"1738081625604"}}
{"logTime": "0208/230934", "correlationVector":"v0TPhpobVknuzUvV7wZid3.45","action":"GetUpdates", "result":"DeleteReceived", "context":{"id":"82ef7d4d-f6fc-4708-9e79-09c3599cadf1", "isDeleted:":"true", "version":"1738082763071"}}
{"logTime": "0208/230934", "correlationVector":"v0TPhpobVknuzUvV7wZid3.46","action":"GetUpdates", "result":"DeleteReceived", "context":{"id":"49600518-3eff-4ae2-9654-1f571cc2e39a", "isDeleted:":"true", "version":"1738088404414"}}
{"logTime": "0208/230934", "correlationVector":"v0TPhpobVknuzUvV7wZid3.47","action":"GetUpdates", "result":"DeleteReceived", "context":{"id":"2207ff7f-b1e5-423c-82d9-73d599ae724b", "isDeleted:":"true", "version":"1738125801766"}}
{"logTime": "0208/230934", "correlationVector":"v0TPhpobVknuzUvV7wZid3.48","action":"GetUpdates", "result":"DeleteReceived", "context":{"id":"2033a170-5217-4596-ad44-33b13739b09a", "isDeleted:":"true", "version":"1738126020771"}}
{"logTime": "0208/230934", "correlationVector":"v0TPhpobVknuzUvV7wZid3.49","action":"GetUpdates", "result":"DeleteReceived", "context":{"id":"d5e7e61c-0412-44b0-8cf7-0e06d51b4877", "isDeleted:":"true", "version":"1738126204315"}}
{"logTime": "0208/230934", "correlationVector":"v0TPhpobVknuzUvV7wZid3.50","action":"GetUpdates", "result":"DeleteReceived", "context":{"id":"5a9ea4b0-d6ea-45bc-a39d-32571007eecb", "isDeleted:":"true", "version":"1738126610987"}}
{"logTime": "0208/230934", "correlationVector":"v0TPhpobVknuzUvV7wZid3.51","action":"GetUpdates", "result":"DeleteReceived", "context":{"id":"c1f06948-2341-4be0-ae3e-bac94a6dd92f", "isDeleted:":"true", "version":"1738126700087"}}
{"logTime": "0208/230934", "correlationVector":"v0TPhpobVknuzUvV7wZid3.52","action":"GetUpdates", "result":"DeleteReceived", "context":{"id":"258dc190-80f6-4ebc-8312-a9e50ed28a46", "isDeleted:":"true", "version":"1738130054551"}}
{"logTime": "0208/230934", "correlationVector":"v0TPhpobVknuzUvV7wZid3.53","action":"GetUpdates", "result":"DeleteReceived", "context":{"id":"a20ab18d-705a-453f-bcb3-71f64ef28afa", "isDeleted:":"true", "version":"1738130520861"}}
{"logTime": "0208/230934", "correlationVector":"v0TPhpobVknuzUvV7wZid3.54","action":"GetUpdates", "result":"DeleteReceived", "context":{"id":"e8a8c2b6-18d8-4dc2-a11a-fedf0346c3da", "isDeleted:":"true", "version":"1738132321812"}}
{"logTime": "0208/230934", "correlationVector":"v0TPhpobVknuzUvV7wZid3.55","action":"GetUpdates", "result":"DeleteReceived", "context":{"id":"e2866b41-2de6-449b-8550-af824af2d9e6", "isDeleted:":"true", "version":"1738132741188"}}
{"logTime": "0208/230934", "correlationVector":"v0TPhpobVknuzUvV7wZid3.56","action":"GetUpdates", "result":"DeleteReceived", "context":{"id":"5c5b0c58-5984-4afa-8840-cd1232d09d71", "isDeleted:":"true", "version":"1738137722571"}}
{"logTime": "0208/230934", "correlationVector":"v0TPhpobVknuzUvV7wZid3.57","action":"GetUpdates", "result":"DeleteReceived", "context":{"id":"48f0e3aa-b75b-48f5-b756-3207930e19ef", "isDeleted:":"true", "version":"1738139521690"}}
{"logTime": "0208/230934", "correlationVector":"v0TPhpobVknuzUvV7wZid3.58","action":"GetUpdates", "result":"DeleteReceived", "context":{"id":"8283216d-f133-4aa0-b011-eaf41f009234", "isDeleted:":"true", "version":"1738141321759"}}
{"logTime": "0208/230934", "correlationVector":"v0TPhpobVknuzUvV7wZid3.59","action":"GetUpdates", "result":"DeleteReceived", "context":{"id":"7b1833c8-7bb0-421d-8523-4b22b6fb3bfa", "isDeleted:":"true", "version":"1738142821720"}}
{"logTime": "0208/230934", "correlationVector":"v0TPhpobVknuzUvV7wZid3.60","action":"GetUpdates", "result":"DeleteReceived", "context":{"id":"d3db0ca7-9b0a-4422-9842-907d34535348", "isDeleted:":"true", "version":"1738143121075"}}
{"logTime": "0208/230934", "correlationVector":"v0TPhpobVknuzUvV7wZid3.61","action":"GetUpdates", "result":"DeleteReceived", "context":{"id":"3b3585ea-914e-4ab0-820c-771e51150749", "isDeleted:":"true", "version":"1738144561775"}}
{"logTime": "0208/230934", "correlationVector":"v0TPhpobVknuzUvV7wZid3.62","action":"GetUpdates", "result":"DeleteReceived", "context":{"id":"69548335-6a53-4555-b1e8-90d316cc4840", "isDeleted:":"true", "version":"1738148522450"}}
{"logTime": "0208/230934", "correlationVector":"v0TPhpobVknuzUvV7wZid3.63","action":"GetUpdates", "result":"DeleteReceived", "context":{"id":"2a78a314-f4c6-43b9-8160-194bda4d6809", "isDeleted:":"true", "version":"1738149543384"}}
{"logTime": "0208/230934", "correlationVector":"v0TPhpobVknuzUvV7wZid3.64","action":"GetUpdates", "result":"DeleteReceived", "context":{"id":"87926129-cb89-4f09-894d-5bc3520f0651", "isDeleted:":"true", "version":"1738150321424"}}
{"logTime": "0208/230934", "correlationVector":"v0TPhpobVknuzUvV7wZid3.65","action":"GetUpdates", "result":"DeleteReceived", "context":{"id":"8067d564-bac0-4392-b5b4-7792529a429c", "isDeleted:":"true", "version":"1738152122593"}}
{"logTime": "0208/230934", "correlationVector":"v0TPhpobVknuzUvV7wZid3.66","action":"GetUpdates", "result":"DeleteReceived", "context":{"id":"ec374701-ea51-4b20-8378-c166f22b6a3a", "isDeleted:":"true", "version":"1738153922503"}}
{"logTime": "0208/230934", "correlationVector":"v0TPhpobVknuzUvV7wZid3.67","action":"GetUpdates", "result":"DeleteReceived", "context":{"id":"26f3c196-efac-4c27-a72d-38386562a553", "isDeleted:":"true", "version":"1738158242960"}}
{"logTime": "0208/230934", "correlationVector":"v0TPhpobVknuzUvV7wZid3.68","action":"GetUpdates", "result":"DeleteReceived", "context":{"id":"154f7187-cfc7-4fe1-9339-a566d1e79f14", "isDeleted:":"true", "version":"1738158961965"}}
{"logTime": "0208/230934", "correlationVector":"v0TPhpobVknuzUvV7wZid3.69","action":"GetUpdates", "result":"DeleteReceived", "context":{"id":"14bca1e4-8863-4315-9424-6de6cc273c85", "isDeleted:":"true", "version":"1738161122279"}}
{"logTime": "0208/230934", "correlationVector":"v0TPhpobVknuzUvV7wZid3.70","action":"GetUpdates", "result":"DeleteReceived", "context":{"id":"f25975c2-1b91-4a4c-a114-c9ace0724e7a", "isDeleted:":"true", "version":"1738162922259"}}
{"logTime": "0208/230934", "correlationVector":"v0TPhpobVknuzUvV7wZid3.71","action":"GetUpdates", "result":"DeleteReceived", "context":{"id":"5d848ba7-a0ea-4375-96ba-dd01cdc5d2ef", "isDeleted:":"true", "version":"1738163041346"}}
{"logTime": "0208/230934", "correlationVector":"v0TPhpobVknuzUvV7wZid3.72","action":"GetUpdates", "result":"DeleteReceived", "context":{"id":"1fdd0473-4b1d-4001-873f-e0e8bdc14b80", "isDeleted:":"true", "version":"1738164722182"}}
{"logTime": "0208/230934", "correlationVector":"v0TPhpobVknuzUvV7wZid3.73","action":"GetUpdates", "result":"DeleteReceived", "context":{"id":"a3001e6c-4e10-4428-bcce-88c9feb21b9b", "isDeleted:":"true", "version":"1738168322948"}}
{"logTime": "0208/230934", "correlationVector":"v0TPhpobVknuzUvV7wZid3.74","action":"GetUpdates", "result":"DeleteReceived", "context":{"id":"a03ef31e-0da0-420c-b2f1-ec3429659025", "isDeleted:":"true", "version":"1738170122350"}}
{"logTime": "0208/230934", "correlationVector":"v0TPhpobVknuzUvV7wZid3.75","action":"GetUpdates", "result":"DeleteReceived", "context":{"id":"52a4c8e5-b96b-48cc-af57-e8d80935fe10", "isDeleted:":"true", "version":"1738171922382"}}
{"logTime": "0208/230934", "correlationVector":"v0TPhpobVknuzUvV7wZid3.76","action":"GetUpdates", "result":"DeleteReceived", "context":{"id":"095a83ad-9516-4ea0-bbca-dcf353ef16c5", "isDeleted:":"true", "version":"1738205601081"}}
{"logTime": "0208/230934", "correlationVector":"v0TPhpobVknuzUvV7wZid3.77","action":"GetUpdates", "result":"DeleteReceived", "context":{"id":"26c68e57-4f81-48cc-811e-2a7b43d1bbf3", "isDeleted:":"true", "version":"1738207921904"}}
{"logTime": "0208/230934", "correlationVector":"v0TPhpobVknuzUvV7wZid3.78","action":"GetUpdates", "result":"DeleteReceived", "context":{"id":"f94c20f4-7c97-4d8a-b147-510a6706aeca", "isDeleted:":"true", "version":"1738216924057"}}
{"logTime": "0208/230934", "correlationVector":"v0TPhpobVknuzUvV7wZid3.79","action":"GetUpdates", "result":"DeleteReceived", "context":{"id":"a554376e-8b8b-4e09-8961-58f4b94fba33", "isDeleted:":"true", "version":"1738220522587"}}
{"logTime": "0208/230934", "correlationVector":"v0TPhpobVknuzUvV7wZid3.80","action":"GetUpdates", "result":"DeleteReceived", "context":{"id":"cb444aa5-3a7d-4be5-8527-93fc02b6a7c1", "isDeleted:":"true", "version":"1738222322036"}}
{"logTime": "0208/230934", "correlationVector":"v0TPhpobVknuzUvV7wZid3.81","action":"GetUpdates", "result":"DeleteReceived", "context":{"id":"0c0c0b1e-e0ab-401c-bbd4-896ec16752c6", "isDeleted:":"true", "version":"1738224122104"}}
{"logTime": "0208/230934", "correlationVector":"v0TPhpobVknuzUvV7wZid3.82","action":"GetUpdates", "result":"DeleteReceived", "context":{"id":"446389f6-f318-40d1-af8d-eb39e4a09005", "isDeleted:":"true", "version":"1738224421375"}}
{"logTime": "0208/230934", "correlationVector":"v0TPhpobVknuzUvV7wZid3.83","action":"GetUpdates", "result":"DeleteReceived", "context":{"id":"418daed7-502a-4cdd-aa14-2afad4d2ddba", "isDeleted:":"true", "version":"1738233124112"}}
{"logTime": "0208/230934", "correlationVector":"v0TPhpobVknuzUvV7wZid3.84","action":"GetUpdates", "result":"DeleteReceived", "context":{"id":"31dbf4bf-9eef-4c1e-b9a0-10f542994ec6", "isDeleted:":"true", "version":"1738240023892"}}
{"logTime": "0208/230934", "correlationVector":"v0TPhpobVknuzUvV7wZid3.85","action":"GetUpdates", "result":"DeleteReceived", "context":{"id":"07c0dc3b-77fb-431c-949c-fc3df67babac", "isDeleted:":"true", "version":"1738240201602"}}
{"logTime": "0208/230934", "correlationVector":"v0TPhpobVknuzUvV7wZid3.86","action":"GetUpdates", "result":"DeleteReceived", "context":{"id":"01d3ec71-beb9-4ed5-81ec-ee786da3294c", "isDeleted:":"true", "version":"1738246832577"}}
{"logTime": "0208/230934", "correlationVector":"v0TPhpobVknuzUvV7wZid3.87","action":"GetUpdates", "result":"DeleteReceived", "context":{"id":"c03cf980-9408-4749-851e-b19176f89c8f", "isDeleted:":"true", "version":"1738247521866"}}
{"logTime": "0208/230934", "correlationVector":"v0TPhpobVknuzUvV7wZid3.88","action":"GetUpdates", "result":"DeleteReceived", "context":{"id":"f7b06b26-949a-4a0e-9ab6-d686168544ef", "isDeleted:":"true", "version":"1738249322593"}}
{"logTime": "0208/230934", "correlationVector":"v0TPhpobVknuzUvV7wZid3.89","action":"GetUpdates", "result":"DeleteReceived", "context":{"id":"1ccd5b8a-10ce-4d7c-902b-099140cd9193", "isDeleted:":"true", "version":"1738251122606"}}
{"logTime": "0208/230934", "correlationVector":"v0TPhpobVknuzUvV7wZid3.90","action":"GetUpdates", "result":"DeleteReceived", "context":{"id":"4e139234-1670-4f2f-8fd0-00967f185b1d", "isDeleted:":"true", "version":"1738252922586"}}
{"logTime": "0208/230934", "correlationVector":"v0TPhpobVknuzUvV7wZid3.91","action":"GetUpdates", "result":"DeleteReceived", "context":{"id":"a8eea0bc-7daa-48b2-96f0-c8ce6117e377", "isDeleted:":"true", "version":"1738256522692"}}
{"logTime": "0208/230934", "correlationVector":"v0TPhpobVknuzUvV7wZid3.92","action":"GetUpdates", "result":"DeleteReceived", "context":{"id":"ec1b793c-4953-46cd-a8a0-8b13cb018e09", "isDeleted:":"true", "version":"1738258322641"}}
{"logTime": "0208/230934", "correlationVector":"v0TPhpobVknuzUvV7wZid3.93","action":"GetUpdates", "result":"DeleteReceived", "context":{"id":"0da0a08c-cad9-4d4c-b53a-5a9885815a7f", "isDeleted:":"true", "version":"1738430211053"}}
{"logTime": "0208/230934", "correlationVector":"v0TPhpobVknuzUvV7wZid3.94","action":"GetUpdates", "result":"DeleteReceived", "context":{"id":"3b63b9dd-e93a-458a-b6a4-f6084b0a97f7", "isDeleted:":"true", "version":"1738430364248"}}
{"logTime": "0208/230934", "correlationVector":"v0TPhpobVknuzUvV7wZid3.95","action":"GetUpdates", "result":"DeleteReceived", "context":{"id":"0232f3c7-d35b-49db-9fe7-aa2d17f7f127", "isDeleted:":"true", "version":"1738771727507"}}
{"logTime": "0208/230934", "correlationVector":"v0TPhpobVknuzUvV7wZid3.96","action":"GetUpdates", "result":"DeleteReceived", "context":{"id":"31305eeb-b6de-42cd-bc3e-c67ccf27375c", "isDeleted:":"true", "version":"1738771996172"}}
{"logTime": "0208/230934", "correlationVector":"v0TPhpobVknuzUvV7wZid3.97","action":"GetUpdates", "result":"DeleteReceived", "context":{"id":"0cbe3f96-c247-44d0-9c00-08c230d1fe33", "isDeleted:":"true", "version":"1738775403508"}}
{"logTime": "0208/230934", "correlationVector":"v0TPhpobVknuzUvV7wZid3.98","action":"GetUpdates", "result":"DeleteReceived", "context":{"id":"7627df9d-efce-4042-9da6-ad46e719b392", "isDeleted:":"true", "version":"1738778164249"}}
{"logTime": "0208/230934", "correlationVector":"v0TPhpobVknuzUvV7wZid3.99","action":"GetUpdates", "result":"DeleteReceived", "context":{"id":"f47da4eb-b749-4ca6-86ae-87e9a41e2ec5", "isDeleted:":"true", "version":"1738935040556"}}
{"logTime": "0208/230934", "correlationVector":"v0TPhpobVknuzUvV7wZid3.100","action":"GetUpdates", "result":"DeleteReceived", "context":{"id":"a6e8c995-f82b-4989-abda-01533b2afa31", "isDeleted:":"true", "version":"1738935194075"}}
{"logTime": "0208/230934", "correlationVector":"v0TPhpobVknuzUvV7wZid3.101","action":"GetUpdates", "result":"DeleteReceived", "context":{"id":"35a86e4f-5a41-407e-b309-6d0b815caf7d", "isDeleted:":"true", "version":"1738937763283"}}
{"logTime": "0208/230934", "correlationVector":"v0TPhpobVknuzUvV7wZid3.102","action":"GetUpdates", "result":"DeleteReceived", "context":{"id":"6ca6d64e-f11e-43a9-b6f4-dd0dad6f659b", "isDeleted:":"true", "version":"1738938722758"}}
{"logTime": "0208/230934", "correlationVector":"v0TPhpobVknuzUvV7wZid3.103","action":"GetUpdates", "result":"DeleteReceived", "context":{"id":"68932247-397a-4a4d-b414-28fa47a883ed", "isDeleted:":"true", "version":"1738246833755"}}
{"logTime": "0208/230934", "correlationVector":"v0TPhpobVknuzUvV7wZid3.104","action":"GetUpdates Response", "result":"Success", "context":Received 112 update(s). cV=v0TPhpobVknuzUvV7wZid3.0;server=akswtt00900001p;cloudType=Consumer;environment=Prod_southindia_prod-s01-004-apac-southindia;migrationStage=NotStarted}
{"logTime": "0208/230934", "correlationVector":"cWIjPDE5ZlHK1eEoI65Qqe","action":"Initial GetUpdates", "result":"", "context":Reason: NEWLY_SUPPORTED_DATATYPE. cV=cWIjPDE5ZlHK1eEoI65Qqe}
{"logTime": "0208/230934", "correlationVector":"cWIjPDE5ZlHK1eEoI65Qqe.1","action":"SyncServerConnectionManagerRequest", "result":"SYNC_SERVER_OK", "context":{"environment":"Prod_southindia_prod-s01-004-apac-southindia", "migrationStage":"NotStarted", "server":"akswtt00900000o"}}
{"logTime": "0208/230934", "correlationVector":"cWIjPDE5ZlHK1eEoI65Qqe.2","action":"GetUpdates Response", "result":"Success", "context":Received 4 update(s). cV=cWIjPDE5ZlHK1eEoI65Qqe.0;server=akswtt00900000o;cloudType=Consumer;environment=Prod_southindia_prod-s01-004-apac-southindia;migrationStage=NotStarted}
{"logTime": "0208/230934", "correlationVector":"yZlFqUP984ovvwi/EYp9ck","action":"Normal GetUpdate request", "result":"", "context":cV=yZlFqUP984ovvwi/EYp9ck
Nudged types: Sessions, Device Info, User Consents
Refresh requested types: Bookmarks, Preferences, Passwords, Autofill Profiles, Autofill, Extensions, Sessions, Extension settings, History Delete Directives, Device Info, User Consents, Send Tab To Self, Web Apps, History, Collection, Edge E Drop, Edge Hub App Usage, Edge Tab Group, Edge Wallet, Encryption Keys}
{"logTime": "0208/230936", "correlationVector":"yZlFqUP984ovvwi/EYp9ck.1","action":"SyncServerConnectionManagerRequest", "result":"SYNC_SERVER_OK", "context":{"environment":"Prod_southindia_prod-s01-004-apac-southindia", "migrationStage":"NotStarted", "server":"akswtt00900001p"}}
{"logTime": "0208/230936", "correlationVector":"yZlFqUP984ovvwi/EYp9ck.2","action":"GetUpdates Response", "result":"Success", "context":Received 0 update(s). cV=yZlFqUP984ovvwi/EYp9ck.0;server=akswtt00900001p;cloudType=Consumer;environment=Prod_southindia_prod-s01-004-apac-southindia;migrationStage=NotStarted}
{"logTime": "0208/230936", "correlationVector":"iqRnu4gMVct++C0q2IYf8m","action":"DoCompareDataConsistency requsted types: ", "result":"Bookmarks, Preferences, Passwords, Extensions, Extension settings, History Delete Directives, Send Tab To Self, Web Apps, History, Collection, Edge E Drop, Edge Tab Group, Edge Wallet, Encryption Keys"}
{"logTime": "0208/230936", "correlationVector":"iqRnu4gMVct++C0q2IYf8m.0","action":"CompareDataConsistency result: ", "result":"Compare result: Encryption Keys is consistent. local entities count is: 1 local entities hash is: Cio9XVz6WSd+eGFcVwoK9HfmWck="}
{"logTime": "0208/230936", "correlationVector":"iqRnu4gMVct++C0q2IYf8m.1","action":"CompareDataConsistency result: ", "result":"Compare result: Bookmarks is consistent. local entities count is: 77 local entities hash is: OVcpKuL1yHCMxnv0V8g65YrGKAk="}
{"logTime": "0208/230936", "correlationVector":"iqRnu4gMVct++C0q2IYf8m.2","action":"CompareDataConsistency result: ", "result":"Compare result: Preferences is consistent. local entities count is: 77 local entities hash is: m+6KqslxfTuWXNBlGxUva58ZIdY="}
{"logTime": "0208/230936", "correlationVector":"iqRnu4gMVct++C0q2IYf8m.3","action":"CompareDataConsistency result: ", "result":"Compare result: Extensions is consistent. local entities count is: 7 local entities hash is: f/l6JOZ40nNJc+4a3MTkohzBMjw="}
{"logTime": "0208/230936", "correlationVector":"iqRnu4gMVct++C0q2IYf8m.4","action":"CompareDataConsistency result: ", "result":"Compare result: Extension settings is consistent. local entities count is: 2 local entities hash is: vtKXnl2Oqoz4rbIlOJmwrcWFEPo="}
{"logTime": "0208/230936", "correlationVector":"iqRnu4gMVct++C0q2IYf8m.5","action":"CompareDataConsistency result: ", "result":"Compare result: History Delete Directives is consistent. local entities count is: 0 local entities hash is: "}
{"logTime": "0208/230936", "correlationVector":"iqRnu4gMVct++C0q2IYf8m.6","action":"CompareDataConsistency result: ", "result":"Server did not send this Send Tab To Self local entities count is: 0 local entities hash is: "}
{"logTime": "0208/230936", "correlationVector":"iqRnu4gMVct++C0q2IYf8m.7","action":"CompareDataConsistency result: ", "result":"Compare result: Web Apps is consistent. local entities count is: 0 local entities hash is: "}
{"logTime": "0208/230936", "correlationVector":"iqRnu4gMVct++C0q2IYf8m.8","action":"CompareDataConsistency result: ", "result":"Server did not send this History local entities count is: 0 local entities hash is: "}
{"logTime": "0208/230936", "correlationVector":"iqRnu4gMVct++C0q2IYf8m.9","action":"CompareDataConsistency result: ", "result":"Compare result: Collection is consistent. local entities count is: 0 local entities hash is: "}
{"logTime": "0208/230936", "correlationVector":"iqRnu4gMVct++C0q2IYf8m.10","action":"CompareDataConsistency result: ", "result":"Compare result: Edge E Drop is consistent. local entities count is: 0 local entities hash is: "}
{"logTime": "0208/230936", "correlationVector":"iqRnu4gMVct++C0q2IYf8m.11","action":"CompareDataConsistency result: ", "result":"Compare result: Edge Tab Group is consistent. local entities count is: 0 local entities hash is: "}
{"logTime": "0208/230936", "correlationVector":"iqRnu4gMVct++C0q2IYf8m.12","action":"CompareDataConsistency result: ", "result":"Compare result: Edge Wallet is consistent. local entities count is: 0 local entities hash is: "}
{"logTime": "0208/230936", "correlationVector":"iqRnu4gMVct++C0q2IYf8m.13","action":"CompareDataConsistency result: ", "result":"Compare result: Passwords is consistent. local entities count is: 38 local entities hash is: i6E80HBYzG13fvtoyVrmduZ+mKs="}
{"logTime": "0208/230936", "correlationVector":"HyBG8SaF3rdKdHTB1IERlR","action":"Commit Request", "result":"", "context":Item count: 5
Contributing types: Sessions, Device Info, User Consents}
{"logTime": "0208/230938", "correlationVector":"HyBG8SaF3rdKdHTB1IERlR.1","action":"SyncServerConnectionManagerRequest", "result":"SYNC_SERVER_OK", "context":{"environment":"Prod_southindia_prod-s01-004-apac-southindia", "migrationStage":"NotStarted", "server":"akswtt00900000o"}}
{"logTime": "0208/230938", "correlationVector":"HyBG8SaF3rdKdHTB1IERlR.2","action":"Commit Response", "result":"Success", "context":Result: Success. cV=HyBG8SaF3rdKdHTB1IERlR.0;server=akswtt00900000o;cloudType=Consumer;environment=Prod_southindia_prod-s01-004-apac-southindia;migrationStage=NotStarted}
{"logTime": "0208/230938", "correlationVector":"","action":"DIAGNOSTIC_REQUEST|v1/diagnosticData/Diagnostic.SendCheckResult()|SUCCESS", "result":""}
