2025-02-08 23:05:09.072: [INFO][Sync] Reset engine, reason: 8
2025-02-08 23:05:09.072: [INFO][Sync] Stopped: Bookmarks
2025-02-08 23:05:09.072: [INFO][Sync] Stopped: Preferences
2025-02-08 23:05:09.072: [INFO][Sync] Stopped: Passwords
2025-02-08 23:05:09.072: [INFO][Sync] Stopped: Autofill Profiles
2025-02-08 23:05:09.072: [INFO][Sync] Stopped: Autofill
2025-02-08 23:05:09.072: [INFO][Sync] Stopped: Extensions
2025-02-08 23:05:09.072: [INFO][Sync] Stopped: Sessions
2025-02-08 23:05:09.072: [INFO][Sync] Stopped: Extension settings
2025-02-08 23:05:09.072: [INFO][Sync] Stopped: History Delete Directives
2025-02-08 23:05:09.072: [INFO][Sync] Stopped: Device Info
2025-02-08 23:05:09.072: [INFO][Sync] Stopped: User Consents
2025-02-08 23:05:09.072: [INFO][Sync] Stopped: Send Tab To Self
2025-02-08 23:05:09.072: [INFO][Sync] Stopped: Web Apps
2025-02-08 23:05:09.072: [INFO][Sync] Stopped: History
2025-02-08 23:05:09.072: [INFO][Sync] Stopped: Collection
2025-02-08 23:05:09.072: [INFO][Sync] Stopped: Edge E Drop
2025-02-08 23:05:09.072: [INFO][Sync] Stopped: Edge Hub App Usage
2025-02-08 23:05:09.072: [INFO][Sync] Stopped: Edge Tab Group
2025-02-08 23:05:09.072: [INFO][Sync] Stopped: Edge Wallet
2025-02-08 23:05:09.072: [INFO][Sync] SyncState after authenticated was: NotSignedIn
2025-02-08 23:05:09.178: [INFO][Sync] Reset engine, reason: 8
2025-02-08 23:05:09.178: [INFO][Sync] Stopped: Bookmarks
2025-02-08 23:05:09.179: [INFO][Sync] Stopped: Preferences
2025-02-08 23:05:09.179: [INFO][Sync] Stopped: Passwords
2025-02-08 23:05:09.179: [INFO][Sync] Stopped: Autofill Profiles
2025-02-08 23:05:09.179: [INFO][Sync] Stopped: Autofill
2025-02-08 23:05:09.179: [INFO][Sync] Stopped: Extensions
2025-02-08 23:05:09.179: [INFO][Sync] Stopped: Sessions
2025-02-08 23:05:09.179: [INFO][Sync] Stopped: Extension settings
2025-02-08 23:05:09.179: [INFO][Sync] Stopped: History Delete Directives
2025-02-08 23:05:09.179: [INFO][Sync] Stopped: Device Info
2025-02-08 23:05:09.179: [INFO][Sync] Stopped: User Consents
2025-02-08 23:05:09.179: [INFO][Sync] Stopped: Send Tab To Self
2025-02-08 23:05:09.179: [INFO][Sync] Stopped: Web Apps
2025-02-08 23:05:09.179: [INFO][Sync] Stopped: History
2025-02-08 23:05:09.179: [INFO][Sync] Stopped: Collection
2025-02-08 23:05:09.179: [INFO][Sync] Stopped: Edge E Drop
2025-02-08 23:05:09.179: [INFO][Sync] Stopped: Edge Hub App Usage
2025-02-08 23:05:09.179: [INFO][Sync] Stopped: Edge Tab Group
2025-02-08 23:05:09.179: [INFO][Sync] Stopped: Edge Wallet
2025-02-08 23:05:09.237: [INFO][Sync] Try to start sync engine
2025-02-08 23:05:09.238: [INFO][SyncManagerImpl::NudgeForInitialDownload] Initial download nudge for Encryption Keys
2025-02-08 23:05:09.238: [INFO][SyncEngineBackend::LoadAndConnectNigoriController] Load and connect Nigori controller
2025-02-08 23:05:09.238: [INFO][SyncEngineBackend::DoInitialize] Control Types added: Encryption Keys
2025-02-08 23:05:09.238: [INFO][SyncManagerImpl::ConfigureSyncer] Types to download: Encryption Keys with reason: 3
2025-02-08 23:05:09.238: [INFO][SyncSchedulerImpl::DoConfigurationSyncCycleJob] Configure job was blocked
2025-02-08 23:05:10.056: [INFO][SyncAuthManager::SetLastAuthError] Current auth error: None
2025-02-08 23:05:10.056: [INFO][SyncAuthManager::EdgeLogTokenErrorState] Token error with: None for account type: MSA
2025-02-08 23:05:10.056: [INFO][Sync] Credentials changed for: EdgeSyncScopeNew
2025-02-08 23:05:10.720: [INFO][SyncAuthManager::SetLastAuthError] Current auth error: None
2025-02-08 23:05:10.720: [INFO][SyncAuthManager::EdgeLogTokenErrorState] Token error with: None for account type: MSA
2025-02-08 23:05:10.720: [INFO][Sync] Credentials changed for: EdgeSyncKeyDataScope
2025-02-08 23:05:10.720: [INFO][SyncEngineBackend::DoUpdateKeyDataCredentials] Update key data credentials
2025-02-08 23:05:10.720: [INFO][SyncEngineBackend::DoUpdateCredentials] Update credentials
2025-02-08 23:05:10.720: [INFO][SyncSchedulerImpl::DoConfigurationSyncCycleJob] Blocked types:  and types to download: Encryption Keys
2025-02-08 23:05:12.011: [INFO][Sync] Started DataTypeManager configuration, reason: 4
2025-02-08 23:05:12.011: [INFO][Sync] Configuring for: Bookmarks, Preferences, Passwords, Autofill Profiles, Autofill, Extensions, Sessions, Extension settings, History Delete Directives, Device Info, User Consents, Send Tab To Self, Web Apps, History, Collection, Edge E Drop, Edge Hub App Usage, Edge Tab Group, Edge Wallet, Encryption Keys, reason: 3, current state: 0
2025-02-08 23:05:12.011: [INFO][Sync] Configure, desired: Bookmarks, Preferences, Extensions, Sessions, Extension settings, History Delete Directives, Device Info, User Consents, Send Tab To Self, Web Apps, History, Collection, Edge E Drop, Edge Hub App Usage, Edge Tab Group, Edge Wallet, Encryption Keys; Allow fail: Passwords, Autofill Profiles, Autofill
2025-02-08 23:05:12.011: [INFO][Sync] Loading: Bookmarks
2025-02-08 23:05:12.011: [INFO][Sync] Loading: Preferences
2025-02-08 23:05:12.011: [INFO][Sync] Loading: Extensions
2025-02-08 23:05:12.011: [INFO][Sync] Loading: Sessions
2025-02-08 23:05:12.011: [INFO][Sync] Loading: Extension settings
2025-02-08 23:05:12.011: [INFO][Sync] Loading: History Delete Directives
2025-02-08 23:05:12.011: [INFO][Sync] Loading: Device Info
2025-02-08 23:05:12.011: [INFO][Sync] Loading: User Consents
2025-02-08 23:05:12.011: [INFO][Sync] Loading: Send Tab To Self
2025-02-08 23:05:12.011: [INFO][Sync] Loading: Web Apps
2025-02-08 23:05:12.011: [INFO][Sync] Loading: History
2025-02-08 23:05:12.011: [INFO][Sync] Loading: Collection
2025-02-08 23:05:12.011: [INFO][Sync] Loading: Edge E Drop
2025-02-08 23:05:12.011: [INFO][Sync] Loading: Edge Hub App Usage
2025-02-08 23:05:12.011: [INFO][Sync] Loading: Edge Tab Group
2025-02-08 23:05:12.011: [INFO][Sync] Loading: Edge Wallet
2025-02-08 23:05:12.012: [INFO][Sync] All data types are ready for configure.
2025-02-08 23:05:12.371: [INFO][Sync] Started DataTypeManager configuration, reason: 5
2025-02-08 23:05:12.372: [INFO][Sync] Configuring for: Bookmarks, Preferences, Passwords, Autofill Profiles, Autofill, Extensions, Sessions, Extension settings, History Delete Directives, Device Info, User Consents, Send Tab To Self, Web Apps, History, Collection, Edge E Drop, Edge Hub App Usage, Edge Tab Group, Edge Wallet, Encryption Keys, reason: 5, current state: 1
2025-02-08 23:05:12.372: [INFO][SyncEngineBackend::DoStartConfiguration] Start configuration
2025-02-08 23:05:12.372: [INFO][SyncManagerImpl::NudgeForInitialDownload] Initial download nudge for Bookmarks
2025-02-08 23:05:12.372: [INFO][SyncManagerImpl::NudgeForInitialDownload] Initial download nudge for Preferences
2025-02-08 23:05:12.372: [INFO][SyncManagerImpl::NudgeForInitialDownload] Initial download nudge for Extensions
2025-02-08 23:05:12.372: [INFO][SyncManagerImpl::NudgeForInitialDownload] Initial download nudge for Sessions
2025-02-08 23:05:12.372: [INFO][SyncManagerImpl::NudgeForInitialDownload] Initial download nudge for Extension settings
2025-02-08 23:05:12.372: [INFO][SyncManagerImpl::NudgeForInitialDownload] Initial download nudge for History Delete Directives
2025-02-08 23:05:12.372: [INFO][SyncManagerImpl::NudgeForInitialDownload] Initial download nudge for Device Info
2025-02-08 23:05:12.372: [INFO][SyncManagerImpl::NudgeForInitialDownload] Initial download nudge for Send Tab To Self
2025-02-08 23:05:12.372: [INFO][SyncManagerImpl::NudgeForInitialDownload] Initial download nudge for Web Apps
2025-02-08 23:05:12.372: [INFO][SyncManagerImpl::NudgeForInitialDownload] Initial download nudge for History
2025-02-08 23:05:12.372: [INFO][SyncManagerImpl::NudgeForInitialDownload] Initial download nudge for Collection
2025-02-08 23:05:12.372: [INFO][SyncManagerImpl::NudgeForInitialDownload] Initial download nudge for Edge E Drop
2025-02-08 23:05:12.372: [INFO][SyncManagerImpl::NudgeForInitialDownload] Initial download nudge for Edge Hub App Usage
2025-02-08 23:05:12.372: [INFO][SyncManagerImpl::NudgeForInitialDownload] Initial download nudge for Edge Tab Group
2025-02-08 23:05:12.372: [INFO][SyncManagerImpl::NudgeForInitialDownload] Initial download nudge for Edge Wallet
2025-02-08 23:05:12.372: [INFO][SyncManagerImpl::ConfigureSyncer] Types to download:  with reason: 3
2025-02-08 23:05:12.372: [INFO][SyncEngineBackend::DoFinishConfigureDataTypes] Failed to download types:  and succeeded types: 
2025-02-08 23:05:12.372: [INFO][Sync] ConfigurationDone, failed: , succeeded: , remaining count: 4
2025-02-08 23:05:12.372: [WARN][Sync]     Reconfigure requested while configuration ongoing.
2025-02-08 23:05:12.372: [INFO][Sync] Configuring for: Bookmarks, Preferences, Passwords, Autofill Profiles, Autofill, Extensions, Sessions, Extension settings, History Delete Directives, Device Info, User Consents, Send Tab To Self, Web Apps, History, Collection, Edge E Drop, Edge Hub App Usage, Edge Tab Group, Edge Wallet, Encryption Keys, reason: 5, current state: 2
2025-02-08 23:05:12.372: [INFO][Sync] Configure, desired: Bookmarks, Preferences, Passwords, Autofill Profiles, Autofill, Extensions, Sessions, Extension settings, History Delete Directives, Device Info, User Consents, Send Tab To Self, Web Apps, History, Collection, Edge E Drop, Edge Hub App Usage, Edge Tab Group, Edge Wallet, Encryption Keys; Allow fail: 
2025-02-08 23:05:12.372: [INFO][Sync] Loading: Passwords
2025-02-08 23:05:12.372: [INFO][Sync] Loading: Autofill Profiles
2025-02-08 23:05:12.372: [INFO][Sync] Loading: Autofill
2025-02-08 23:05:12.372: [INFO][Sync] All data types are ready for configure.
2025-02-08 23:05:12.372: [INFO][SyncManagerImpl::NudgeForInitialDownload] Initial download nudge for Passwords
2025-02-08 23:05:12.372: [INFO][SyncManagerImpl::NudgeForInitialDownload] Initial download nudge for Autofill Profiles
2025-02-08 23:05:12.372: [INFO][SyncManagerImpl::NudgeForInitialDownload] Initial download nudge for Autofill
2025-02-08 23:05:12.372: [INFO][SyncManagerImpl::ConfigureSyncer] Types to download:  with reason: 5
2025-02-08 23:05:12.372: [INFO][SyncEngineBackend::DoFinishConfigureDataTypes] Failed to download types:  and succeeded types: 
2025-02-08 23:05:12.372: [INFO][Sync] ConfigurationDone, failed: , succeeded: , remaining count: 4
2025-02-08 23:05:12.372: [INFO][Sync] Prepare to configure types: Preferences, Passwords, Device Info, Send Tab To Self, Edge E Drop, Encryption Keys
2025-02-08 23:05:12.372: [INFO][SyncManagerImpl::ConfigureSyncer] Types to download: Preferences, Passwords, Device Info, Send Tab To Self, Edge E Drop, Encryption Keys with reason: 5
2025-02-08 23:05:12.372: [INFO][SyncSchedulerImpl::DoConfigurationSyncCycleJob] Blocked types:  and types to download: Preferences, Passwords, Device Info, Send Tab To Self, Edge E Drop, Encryption Keys
2025-02-08 23:05:13.466: [INFO][SyncEngineBackend::DoFinishConfigureDataTypes] Failed to download types:  and succeeded types: Preferences, Passwords, Device Info, Send Tab To Self, Edge E Drop, Encryption Keys
2025-02-08 23:05:13.471: [INFO][Sync] ConfigurationDone, failed: , succeeded: Preferences, Passwords, Device Info, Send Tab To Self, Edge E Drop, Encryption Keys, remaining count: 3
2025-02-08 23:05:13.471: [INFO][Sync] Prepare to configure types: Bookmarks, Encryption Keys
2025-02-08 23:05:13.471: [INFO][SyncManagerImpl::ConfigureSyncer] Types to download: Bookmarks, Encryption Keys with reason: 5
2025-02-08 23:05:13.471: [INFO][SyncSchedulerImpl::DoConfigurationSyncCycleJob] Blocked types:  and types to download: Bookmarks, Encryption Keys
2025-02-08 23:05:13.971: [INFO][SyncEngineBackend::DoFinishConfigureDataTypes] Failed to download types:  and succeeded types: Bookmarks, Encryption Keys
2025-02-08 23:05:13.972: [INFO][Sync] ConfigurationDone, failed: , succeeded: Bookmarks, Encryption Keys, remaining count: 2
2025-02-08 23:05:13.972: [INFO][Sync] Prepare to configure types: Autofill Profiles, Autofill, Extensions, Sessions, Extension settings, History Delete Directives, Web Apps, Collection, Edge Hub App Usage, Edge Tab Group, Edge Wallet, Encryption Keys
2025-02-08 23:05:13.972: [INFO][SyncManagerImpl::ConfigureSyncer] Types to download: Autofill Profiles, Autofill, Extensions, Sessions, Extension settings, History Delete Directives, Web Apps, Collection, Edge Hub App Usage, Edge Tab Group, Edge Wallet, Encryption Keys with reason: 5
2025-02-08 23:05:13.972: [INFO][SyncSchedulerImpl::DoConfigurationSyncCycleJob] Blocked types:  and types to download: Autofill Profiles, Autofill, Extensions, Sessions, Extension settings, History Delete Directives, Web Apps, Collection, Edge Hub App Usage, Edge Tab Group, Edge Wallet, Encryption Keys
2025-02-08 23:05:18.918: [INFO][SyncEngineBackend::DoFinishConfigureDataTypes] Failed to download types:  and succeeded types: Autofill Profiles, Autofill, Extensions, Sessions, Extension settings, History Delete Directives, Web Apps, Collection, Edge Hub App Usage, Edge Tab Group, Edge Wallet, Encryption Keys
2025-02-08 23:05:18.918: [INFO][Sync] ConfigurationDone, failed: , succeeded: Autofill Profiles, Autofill, Extensions, Sessions, Extension settings, History Delete Directives, Web Apps, Collection, Edge Hub App Usage, Edge Tab Group, Edge Wallet, Encryption Keys, remaining count: 1
2025-02-08 23:05:18.918: [INFO][Sync] Prepare to configure types: History, Encryption Keys
2025-02-08 23:05:18.918: [INFO][SyncManagerImpl::ConfigureSyncer] Types to download: History, Encryption Keys with reason: 5
2025-02-08 23:05:18.918: [INFO][SyncSchedulerImpl::DoConfigurationSyncCycleJob] Blocked types:  and types to download: History, Encryption Keys
2025-02-08 23:05:19.248: [INFO][SyncEngineBackend::DoFinishConfigureDataTypes] Failed to download types:  and succeeded types: History, Encryption Keys
2025-02-08 23:05:19.249: [INFO][Sync] ConfigurationDone, failed: , succeeded: History, Encryption Keys, remaining count: 0
2025-02-08 23:05:19.249: [INFO][Sync]     Configuration completed, state: 7
2025-02-08 23:05:19.249: [INFO][Sync] Configured DataTypeManager: Ok
2025-02-08 23:05:19.250: [INFO][SyncEngineBackend::DoStartSyncing] Start syncing
2025-02-08 23:05:30.312: [INFO][Sync] Reset engine, reason: 0
2025-02-08 23:05:30.312: [INFO][Sync] Reset engine with reason: 0
2025-02-08 23:09:26.630: [INFO][Sync] Reset engine, reason: 8
2025-02-08 23:09:26.630: [INFO][Sync] Stopped: Bookmarks
2025-02-08 23:09:26.630: [INFO][Sync] Stopped: Preferences
2025-02-08 23:09:26.630: [INFO][Sync] Stopped: Passwords
2025-02-08 23:09:26.630: [INFO][Sync] Stopped: Autofill Profiles
2025-02-08 23:09:26.630: [INFO][Sync] Stopped: Autofill
2025-02-08 23:09:26.630: [INFO][Sync] Stopped: Extensions
2025-02-08 23:09:26.630: [INFO][Sync] Stopped: Sessions
2025-02-08 23:09:26.630: [INFO][Sync] Stopped: Extension settings
2025-02-08 23:09:26.630: [INFO][Sync] Stopped: History Delete Directives
2025-02-08 23:09:26.630: [INFO][Sync] Stopped: Device Info
2025-02-08 23:09:26.630: [INFO][Sync] Stopped: User Consents
2025-02-08 23:09:26.630: [INFO][Sync] Stopped: Send Tab To Self
2025-02-08 23:09:26.630: [INFO][Sync] Stopped: Web Apps
2025-02-08 23:09:26.630: [INFO][Sync] Stopped: History
2025-02-08 23:09:26.630: [INFO][Sync] Stopped: Collection
2025-02-08 23:09:26.630: [INFO][Sync] Stopped: Edge E Drop
2025-02-08 23:09:26.630: [INFO][Sync] Stopped: Edge Hub App Usage
2025-02-08 23:09:26.630: [INFO][Sync] Stopped: Edge Tab Group
2025-02-08 23:09:26.630: [INFO][Sync] Stopped: Edge Wallet
2025-02-08 23:09:26.630: [INFO][Sync] SyncState after authenticated was: NotSignedIn
2025-02-08 23:09:26.717: [INFO][Sync] Reset engine, reason: 8
2025-02-08 23:09:26.717: [INFO][Sync] Stopped: Bookmarks
2025-02-08 23:09:26.717: [INFO][Sync] Stopped: Preferences
2025-02-08 23:09:26.717: [INFO][Sync] Stopped: Passwords
2025-02-08 23:09:26.717: [INFO][Sync] Stopped: Autofill Profiles
2025-02-08 23:09:26.717: [INFO][Sync] Stopped: Autofill
2025-02-08 23:09:26.717: [INFO][Sync] Stopped: Extensions
2025-02-08 23:09:26.717: [INFO][Sync] Stopped: Sessions
2025-02-08 23:09:26.717: [INFO][Sync] Stopped: Extension settings
2025-02-08 23:09:26.717: [INFO][Sync] Stopped: History Delete Directives
2025-02-08 23:09:26.717: [INFO][Sync] Stopped: Device Info
2025-02-08 23:09:26.717: [INFO][Sync] Stopped: User Consents
2025-02-08 23:09:26.717: [INFO][Sync] Stopped: Send Tab To Self
2025-02-08 23:09:26.717: [INFO][Sync] Stopped: Web Apps
2025-02-08 23:09:26.717: [INFO][Sync] Stopped: History
2025-02-08 23:09:26.717: [INFO][Sync] Stopped: Collection
2025-02-08 23:09:26.717: [INFO][Sync] Stopped: Edge E Drop
2025-02-08 23:09:26.717: [INFO][Sync] Stopped: Edge Hub App Usage
2025-02-08 23:09:26.717: [INFO][Sync] Stopped: Edge Tab Group
2025-02-08 23:09:26.717: [INFO][Sync] Stopped: Edge Wallet
2025-02-08 23:09:26.759: [INFO][Sync] Try to start sync engine
2025-02-08 23:09:26.760: [INFO][SyncManagerImpl::NudgeForInitialDownload] Initial download nudge for Encryption Keys
2025-02-08 23:09:26.760: [INFO][SyncEngineBackend::LoadAndConnectNigoriController] Load and connect Nigori controller
2025-02-08 23:09:26.760: [INFO][SyncEngineBackend::DoInitialize] Control Types added: Encryption Keys
2025-02-08 23:09:26.760: [INFO][SyncManagerImpl::ConfigureSyncer] Types to download: Encryption Keys with reason: 3
2025-02-08 23:09:26.760: [INFO][SyncSchedulerImpl::DoConfigurationSyncCycleJob] Configure job was blocked
2025-02-08 23:09:26.819: [INFO][SyncAuthManager::SetLastAuthError] Current auth error: None
2025-02-08 23:09:26.820: [INFO][SyncAuthManager::EdgeLogTokenErrorState] Token error with: None for account type: MSA
2025-02-08 23:09:26.820: [INFO][Sync] Credentials changed for: EdgeSyncScopeNew
2025-02-08 23:09:27.983: [INFO][SyncAuthManager::SetLastAuthError] Current auth error: None
2025-02-08 23:09:27.983: [INFO][SyncAuthManager::EdgeLogTokenErrorState] Token error with: None for account type: MSA
2025-02-08 23:09:27.983: [INFO][Sync] Credentials changed for: EdgeSyncKeyDataScope
2025-02-08 23:09:27.983: [INFO][SyncEngineBackend::DoUpdateKeyDataCredentials] Update key data credentials
2025-02-08 23:09:27.983: [INFO][SyncEngineBackend::DoUpdateCredentials] Update credentials
2025-02-08 23:09:27.983: [INFO][SyncSchedulerImpl::DoConfigurationSyncCycleJob] Blocked types:  and types to download: Encryption Keys
2025-02-08 23:09:28.318: [INFO][Sync] Started DataTypeManager configuration, reason: 4
2025-02-08 23:09:28.318: [INFO][Sync] Configuring for: Bookmarks, Preferences, Passwords, Autofill Profiles, Autofill, Extensions, Sessions, Extension settings, History Delete Directives, Device Info, User Consents, Send Tab To Self, Web Apps, History, Collection, Edge E Drop, Edge Hub App Usage, Edge Tab Group, Edge Wallet, Encryption Keys, reason: 3, current state: 0
2025-02-08 23:09:28.319: [INFO][Sync] Configure, desired: Bookmarks, Preferences, Extensions, Sessions, Extension settings, History Delete Directives, Device Info, User Consents, Send Tab To Self, Web Apps, History, Collection, Edge E Drop, Edge Hub App Usage, Edge Tab Group, Edge Wallet, Encryption Keys; Allow fail: Passwords, Autofill Profiles, Autofill
2025-02-08 23:09:28.319: [INFO][Sync] Loading: Bookmarks
2025-02-08 23:09:28.319: [INFO][Sync] Loading: Preferences
2025-02-08 23:09:28.319: [INFO][Sync] Loading: Extensions
2025-02-08 23:09:28.319: [INFO][Sync] Loading: Sessions
2025-02-08 23:09:28.319: [INFO][Sync] Loading: Extension settings
2025-02-08 23:09:28.319: [INFO][Sync] Loading: History Delete Directives
2025-02-08 23:09:28.319: [INFO][Sync] Loading: Device Info
2025-02-08 23:09:28.319: [INFO][Sync] Loading: User Consents
2025-02-08 23:09:28.319: [INFO][Sync] Loading: Send Tab To Self
2025-02-08 23:09:28.319: [INFO][Sync] Loading: Web Apps
2025-02-08 23:09:28.319: [INFO][Sync] Loading: History
2025-02-08 23:09:28.319: [INFO][Sync] Loading: Collection
2025-02-08 23:09:28.319: [INFO][Sync] Loading: Edge E Drop
2025-02-08 23:09:28.319: [INFO][Sync] Loading: Edge Hub App Usage
2025-02-08 23:09:28.319: [INFO][Sync] Loading: Edge Tab Group
2025-02-08 23:09:28.319: [INFO][Sync] Loading: Edge Wallet
2025-02-08 23:09:28.320: [INFO][Sync] All data types are ready for configure.
2025-02-08 23:09:28.659: [INFO][Sync] Started DataTypeManager configuration, reason: 5
2025-02-08 23:09:28.659: [INFO][Sync] Configuring for: Bookmarks, Preferences, Passwords, Autofill Profiles, Autofill, Extensions, Sessions, Extension settings, History Delete Directives, Device Info, User Consents, Send Tab To Self, Web Apps, History, Collection, Edge E Drop, Edge Hub App Usage, Edge Tab Group, Edge Wallet, Encryption Keys, reason: 5, current state: 1
2025-02-08 23:09:28.660: [INFO][SyncEngineBackend::DoStartConfiguration] Start configuration
2025-02-08 23:09:28.660: [INFO][SyncManagerImpl::NudgeForInitialDownload] Initial download nudge for Bookmarks
2025-02-08 23:09:28.660: [INFO][SyncManagerImpl::NudgeForInitialDownload] Initial download nudge for Preferences
2025-02-08 23:09:28.660: [INFO][SyncManagerImpl::NudgeForInitialDownload] Initial download nudge for Extensions
2025-02-08 23:09:28.660: [INFO][SyncManagerImpl::NudgeForInitialDownload] Initial download nudge for Sessions
2025-02-08 23:09:28.660: [INFO][SyncManagerImpl::NudgeForInitialDownload] Initial download nudge for Extension settings
2025-02-08 23:09:28.660: [INFO][SyncManagerImpl::NudgeForInitialDownload] Initial download nudge for History Delete Directives
2025-02-08 23:09:28.660: [INFO][SyncManagerImpl::NudgeForInitialDownload] Initial download nudge for Device Info
2025-02-08 23:09:28.660: [INFO][SyncManagerImpl::NudgeForInitialDownload] Initial download nudge for Send Tab To Self
2025-02-08 23:09:28.660: [INFO][SyncManagerImpl::NudgeForInitialDownload] Initial download nudge for Web Apps
2025-02-08 23:09:28.660: [INFO][SyncManagerImpl::NudgeForInitialDownload] Initial download nudge for History
2025-02-08 23:09:28.660: [INFO][SyncManagerImpl::NudgeForInitialDownload] Initial download nudge for Collection
2025-02-08 23:09:28.660: [INFO][SyncManagerImpl::NudgeForInitialDownload] Initial download nudge for Edge E Drop
2025-02-08 23:09:28.660: [INFO][SyncManagerImpl::NudgeForInitialDownload] Initial download nudge for Edge Hub App Usage
2025-02-08 23:09:28.660: [INFO][SyncManagerImpl::NudgeForInitialDownload] Initial download nudge for Edge Tab Group
2025-02-08 23:09:28.660: [INFO][SyncManagerImpl::NudgeForInitialDownload] Initial download nudge for Edge Wallet
2025-02-08 23:09:28.660: [INFO][SyncManagerImpl::ConfigureSyncer] Types to download:  with reason: 3
2025-02-08 23:09:28.660: [INFO][SyncEngineBackend::DoFinishConfigureDataTypes] Failed to download types:  and succeeded types: 
2025-02-08 23:09:28.660: [INFO][Sync] ConfigurationDone, failed: , succeeded: , remaining count: 4
2025-02-08 23:09:28.660: [WARN][Sync]     Reconfigure requested while configuration ongoing.
2025-02-08 23:09:28.660: [INFO][Sync] Configuring for: Bookmarks, Preferences, Passwords, Autofill Profiles, Autofill, Extensions, Sessions, Extension settings, History Delete Directives, Device Info, User Consents, Send Tab To Self, Web Apps, History, Collection, Edge E Drop, Edge Hub App Usage, Edge Tab Group, Edge Wallet, Encryption Keys, reason: 5, current state: 2
2025-02-08 23:09:28.660: [INFO][Sync] Configure, desired: Bookmarks, Preferences, Passwords, Autofill Profiles, Autofill, Extensions, Sessions, Extension settings, History Delete Directives, Device Info, User Consents, Send Tab To Self, Web Apps, History, Collection, Edge E Drop, Edge Hub App Usage, Edge Tab Group, Edge Wallet, Encryption Keys; Allow fail: 
2025-02-08 23:09:28.660: [INFO][Sync] Loading: Passwords
2025-02-08 23:09:28.660: [INFO][Sync] Loading: Autofill Profiles
2025-02-08 23:09:28.660: [INFO][Sync] Loading: Autofill
2025-02-08 23:09:28.660: [INFO][Sync] All data types are ready for configure.
2025-02-08 23:09:28.660: [INFO][SyncManagerImpl::NudgeForInitialDownload] Initial download nudge for Passwords
2025-02-08 23:09:28.660: [INFO][SyncManagerImpl::NudgeForInitialDownload] Initial download nudge for Autofill Profiles
2025-02-08 23:09:28.660: [INFO][SyncManagerImpl::NudgeForInitialDownload] Initial download nudge for Autofill
2025-02-08 23:09:28.660: [INFO][SyncManagerImpl::ConfigureSyncer] Types to download:  with reason: 5
2025-02-08 23:09:28.660: [INFO][SyncEngineBackend::DoFinishConfigureDataTypes] Failed to download types:  and succeeded types: 
2025-02-08 23:09:28.660: [INFO][Sync] ConfigurationDone, failed: , succeeded: , remaining count: 4
2025-02-08 23:09:28.660: [INFO][Sync] Prepare to configure types: Preferences, Passwords, Device Info, Send Tab To Self, Edge E Drop, Encryption Keys
2025-02-08 23:09:28.660: [INFO][SyncManagerImpl::ConfigureSyncer] Types to download: Preferences, Passwords, Device Info, Send Tab To Self, Edge E Drop, Encryption Keys with reason: 5
2025-02-08 23:09:28.660: [INFO][SyncSchedulerImpl::DoConfigurationSyncCycleJob] Blocked types:  and types to download: Preferences, Passwords, Device Info, Send Tab To Self, Edge E Drop, Encryption Keys
2025-02-08 23:09:29.388: [INFO][SyncEngineBackend::DoFinishConfigureDataTypes] Failed to download types:  and succeeded types: Preferences, Passwords, Device Info, Send Tab To Self, Edge E Drop, Encryption Keys
2025-02-08 23:09:29.391: [INFO][Sync] ConfigurationDone, failed: , succeeded: Preferences, Passwords, Device Info, Send Tab To Self, Edge E Drop, Encryption Keys, remaining count: 3
2025-02-08 23:09:29.391: [INFO][Sync] Prepare to configure types: Bookmarks, Encryption Keys
2025-02-08 23:09:29.391: [INFO][SyncManagerImpl::ConfigureSyncer] Types to download: Bookmarks, Encryption Keys with reason: 5
2025-02-08 23:09:29.391: [INFO][SyncSchedulerImpl::DoConfigurationSyncCycleJob] Blocked types:  and types to download: Bookmarks, Encryption Keys
2025-02-08 23:09:29.793: [INFO][SyncEngineBackend::DoFinishConfigureDataTypes] Failed to download types:  and succeeded types: Bookmarks, Encryption Keys
2025-02-08 23:09:29.796: [INFO][Sync] ConfigurationDone, failed: , succeeded: Bookmarks, Encryption Keys, remaining count: 2
2025-02-08 23:09:29.797: [INFO][Sync] Prepare to configure types: Autofill Profiles, Autofill, Extensions, Sessions, Extension settings, History Delete Directives, Web Apps, Collection, Edge Hub App Usage, Edge Tab Group, Edge Wallet, Encryption Keys
2025-02-08 23:09:29.797: [INFO][SyncManagerImpl::ConfigureSyncer] Types to download: Autofill Profiles, Autofill, Extensions, Sessions, Extension settings, History Delete Directives, Web Apps, Collection, Edge Hub App Usage, Edge Tab Group, Edge Wallet, Encryption Keys with reason: 5
2025-02-08 23:09:29.797: [INFO][SyncSchedulerImpl::DoConfigurationSyncCycleJob] Blocked types:  and types to download: Autofill Profiles, Autofill, Extensions, Sessions, Extension settings, History Delete Directives, Web Apps, Collection, Edge Hub App Usage, Edge Tab Group, Edge Wallet, Encryption Keys
2025-02-08 23:09:34.141: [INFO][SyncEngineBackend::DoFinishConfigureDataTypes] Failed to download types:  and succeeded types: Autofill Profiles, Autofill, Extensions, Sessions, Extension settings, History Delete Directives, Web Apps, Collection, Edge Hub App Usage, Edge Tab Group, Edge Wallet, Encryption Keys
2025-02-08 23:09:34.142: [INFO][Sync] ConfigurationDone, failed: , succeeded: Autofill Profiles, Autofill, Extensions, Sessions, Extension settings, History Delete Directives, Web Apps, Collection, Edge Hub App Usage, Edge Tab Group, Edge Wallet, Encryption Keys, remaining count: 1
2025-02-08 23:09:34.142: [INFO][Sync] Prepare to configure types: History, Encryption Keys
2025-02-08 23:09:34.142: [INFO][SyncManagerImpl::ConfigureSyncer] Types to download: History, Encryption Keys with reason: 5
2025-02-08 23:09:34.142: [INFO][SyncSchedulerImpl::DoConfigurationSyncCycleJob] Blocked types:  and types to download: History, Encryption Keys
2025-02-08 23:09:34.447: [INFO][SyncEngineBackend::DoFinishConfigureDataTypes] Failed to download types:  and succeeded types: History, Encryption Keys
2025-02-08 23:09:34.448: [INFO][Sync] ConfigurationDone, failed: , succeeded: History, Encryption Keys, remaining count: 0
2025-02-08 23:09:34.448: [INFO][Sync]     Configuration completed, state: 7
2025-02-08 23:09:34.448: [INFO][Sync] Configured DataTypeManager: Ok
2025-02-08 23:09:34.449: [INFO][SyncEngineBackend::DoStartSyncing] Start syncing
2025-02-08 23:09:58.681: [INFO][Sync] Reset engine, reason: 0
2025-02-08 23:09:58.681: [INFO][Sync] Reset engine with reason: 0
